Mono path[0] = 'G:/Crack/Hollow-Knight-SteamRIP.com/Hollow Knight/hollow_knight_Data/Managed'
Mono config path = 'G:/Crack/Hollow-Knight-SteamRIP.com/Hollow Knight/MonoBleedingEdge/etc'
Input System module state changed to: Initialized.
[Physics::Module] Initialized fallback backend.
[Physics::Module] Id: 0xdecafbad
Initialize engine version: 6000.0.61f1 (74a0adb02c31)
[Subsystems] Discovering subsystems at path G:/Crack/Hollow-Knight-SteamRIP.com/Hollow Knight/hollow_knight_Data/UnitySubsystems
GfxDevice: creating device client; kGfxThreadingModeThreaded
Direct3D:
    Version:  Direct3D 11.0 [level 11.1]
    Renderer: NVIDIA GeForce RTX 3050 6GB Laptop GPU (ID=0x25ec)
    Vendor:   NVIDIA
    VRAM:     6001 MB
    Driver:   32.0.15.9579
Begin MonoManager ReloadAssembly
- Loaded All Assemblies, in  0.109 seconds
- Finished resetting the current domain, in  0.002 seconds
[Physics::Module] Selected backend.
[Physics::Module] Name: PhysX
[Physics::Module] Id: 0xf2b8ea05
[Physics::Module] SDK Version: 4.1.2
[Physics::Module] Integration Version: 1.0.0
[Physics::Module] Threading Mode: Multi-Threaded
<RI> Initializing input.
Using Windows.Gaming.Input
<RI> Input initialized.
The referenced script (UnityEngine.InputSystem.Editor.Selectors) on this Behaviour is missing!
The class named 'HutongGames.PlayMaker.Actions.ConvertFloatToInt' is not derived from MonoBehaviour or ScriptableObject!
The class named 'HutongGames.PlayMaker.Actions.ConvertFloatToInt' is not derived from MonoBehaviour or ScriptableObject!
The class named 'HutongGames.PlayMaker.Actions.AudioPlaySimple' is not derived from MonoBehaviour or ScriptableObject!
The class named 'Steamworks.InteropHelp' is not derived from MonoBehaviour or ScriptableObject!
A scripted object (probably Steamworks.InteropHelp?) has a different serialization layout when loading. (Read 44 bytes but expected 9144 bytes)
Did you #if UNITY_EDITOR a section of your serialized properties in any of your scripts?
The class named 'Steamworks.InteropHelp' is not derived from MonoBehaviour or ScriptableObject!
A scripted object (probably Steamworks.InteropHelp?) has a different serialization layout when loading. (Read 56 bytes but expected 2820 bytes)
Did you #if UNITY_EDITOR a section of your serialized properties in any of your scripts?
The class named 'Steamworks.InteropHelp' is not derived from MonoBehaviour or ScriptableObject!
A scripted object (probably Steamworks.InteropHelp?) has a different serialization layout when loading. (Read 56 bytes but expected 4048 bytes)
Did you #if UNITY_EDITOR a section of your serialized properties in any of your scripts?
The class named 'Steamworks.InteropHelp' is not derived from MonoBehaviour or ScriptableObject!
A scripted object (probably Steamworks.InteropHelp?) has a different serialization layout when loading. (Read 52 bytes but expected 8832 bytes)
Did you #if UNITY_EDITOR a section of your serialized properties in any of your scripts?
The class named 'Steamworks.InteropHelp' is not derived from MonoBehaviour or ScriptableObject!
A scripted object (probably Steamworks.InteropHelp?) has a different serialization layout when loading. (Read 44 bytes but expected 95460 bytes)
Did you #if UNITY_EDITOR a section of your serialized properties in any of your scripts?
The class named 'Steamworks.InteropHelp' is not derived from MonoBehaviour or ScriptableObject!
A scripted object (probably Steamworks.InteropHelp?) has a different serialization layout when loading. (Read 52 bytes but expected 75004 bytes)
Did you #if UNITY_EDITOR a section of your serialized properties in any of your scripts?
The class named 'Steamworks.InteropHelp' is not derived from MonoBehaviour or ScriptableObject!
A scripted object (probably Steamworks.InteropHelp?) has a different serialization layout when loading. (Read 52 bytes but expected 96424 bytes)
Did you #if UNITY_EDITOR a section of your serialized properties in any of your scripts?
The class named 'Steamworks.InteropHelp' is not derived from MonoBehaviour or ScriptableObject!
A scripted object (probably Steamworks.InteropHelp?) has a different serialization layout when loading. (Read 48 bytes but expected 60540 bytes)
Did you #if UNITY_EDITOR a section of your serialized properties in any of your scripts?
The class named 'Steamworks.InteropHelp' is not derived from MonoBehaviour or ScriptableObject!
A scripted object (probably Steamworks.InteropHelp?) has a different serialization layout when loading. (Read 48 bytes but expected 57328 bytes)
Did you #if UNITY_EDITOR a section of your serialized properties in any of your scripts?
The class named 'Steamworks.InteropHelp' is not derived from MonoBehaviour or ScriptableObject!
A scripted object (probably Steamworks.InteropHelp?) has a different serialization layout when loading. (Read 44 bytes but expected 49740 bytes)
Did you #if UNITY_EDITOR a section of your serialized properties in any of your scripts?
The class named 'Steamworks.InteropHelp' is not derived from MonoBehaviour or ScriptableObject!
A scripted object (probably Steamworks.InteropHelp?) has a different serialization layout when loading. (Read 48 bytes but expected 8872 bytes)
Did you #if UNITY_EDITOR a section of your serialized properties in any of your scripts?
The class named 'Steamworks.InteropHelp' is not derived from MonoBehaviour or ScriptableObject!
A scripted object (probably Steamworks.InteropHelp?) has a different serialization layout when loading. (Read 44 bytes but expected 6732 bytes)
Did you #if UNITY_EDITOR a section of your serialized properties in any of your scripts?
The class named 'Steamworks.InteropHelp' is not derived from MonoBehaviour or ScriptableObject!
A scripted object (probably Steamworks.InteropHelp?) has a different serialization layout when loading. (Read 48 bytes but expected 4628 bytes)
Did you #if UNITY_EDITOR a section of your serialized properties in any of your scripts?
A scripted object (probably HutongGames.PlayMaker.Actions.ConvertFloatToInt?) has a different serialization layout when loading. (Read 32 bytes but expected 136 bytes)
Did you #if UNITY_EDITOR a section of your serialized properties in any of your scripts?
The file 'G:/Crack/Hollow-Knight-SteamRIP.com/Hollow Knight/hollow_knight_Data/sharedassets0.assets' is corrupted! Remove it and launch unity again!
[Position out of bounds!]
Crash!!!
SymInit: Symbol-SearchPath: '.;G:\Crack\Hollow-Knight-SteamRIP.com\Hollow Knight;G:/Crack/Hollow-Knight-SteamRIP.com/Hollow Knight/hollow_knight_Data/Plugins\x86_64;G:/Crack/Hollow-Knight-SteamRIP.com/Hollow Knight/hollow_knight_Data/Plugins;G:\Crack\Hollow-Knight-SteamRIP.com\Hollow Knight;C:\WINDOWS;C:\WINDOWS\system32;', symOptions: 534, UserName: 'PC'
OS-Version: 10.0.0
G:\Crack\Hollow-Knight-SteamRIP.com\Hollow Knight\hollow_knight.exe:hollow_knight.exe (00007FF7616E0000), size: 692224 (result: 0), SymType: '-deferred-', PDB: '', fileVersion: 6000.0.61.41133
C:\WINDOWS\SYSTEM32\ntdll.dll:ntdll.dll (00007FF9D8AA0000), size: 2519040 (result: 0), SymType: '-deferred-', PDB: '', fileVersion: 10.0.26100.8328
C:\WINDOWS\System32\KERNEL32.DLL:KERNEL32.DLL (00007FF9D8060000), size: 823296 (result: 0), SymType: '-deferred-', PDB: '', fileVersion: 10.0.26100.8328
C:\WINDOWS\System32\KERNELBASE.dll:KERNELBASE.dll (00007FF9D5830000), size: 4157440 (result: 0), SymType: '-deferred-', PDB: '', fileVersion: 10.0.26100.8457
G:\Crack\Hollow-Knight-SteamRIP.com\Hollow Knight\UnityPlayer.dll:UnityPlayer.dll (00007FF92DC80000), size: 34725888 (result: 0), SymType: '-deferred-', PDB: '', fileVersion: 6000.0.61.41133
C:\WINDOWS\System32\USER32.dll:USER32.dll (00007FF9D8510000), size: 1859584 (result: 0), SymType: '-deferred-', PDB: '', fileVersion: 10.0.26100.8457
C:\WINDOWS\System32\win32u.dll:win32u.dll (00007FF9D67F0000), size: 159744 (result: 0), SymType: '-deferred-', PDB: '', fileVersion: 10.0.26100.8457
C:\WINDOWS\System32\GDI32.dll:GDI32.dll (00007FF9D8250000), size: 176128 (result: 0), SymType: '-deferred-', PDB: '', fileVersion: 10.0.26100.8328
C:\WINDOWS\System32\gdi32full.dll:gdi32full.dll (00007FF9D5C30000), size: 1228800 (result: 0), SymType: '-deferred-', PDB: '', fileVersion: 10.0.26100.8457
C:\WINDOWS\System32\msvcp_win.dll:msvcp_win.dll (00007FF9D65D0000), size: 667648 (result: 0), SymType: '-deferred-', PDB: '', fileVersion: 10.0.26100.8328
C:\WINDOWS\System32\ucrtbase.dll:ucrtbase.dll (00007FF9D54D0000), size: 1355776 (result: 0), SymType: '-deferred-', PDB: '', fileVersion: 10.0.26100.8328
C:\WINDOWS\System32\ole32.dll:ole32.dll (00007FF9D86E0000), size: 1667072 (result: 0), SymType: '-deferred-', PDB: '', fileVersion: 10.0.26100.8457
C:\WINDOWS\System32\combase.dll:combase.dll (00007FF9D7000000), size: 3682304 (result: 0), SymType: '-deferred-', PDB: '', fileVersion: 10.0.26100.8328
C:\WINDOWS\System32\RPCRT4.dll:RPCRT4.dll (00007FF9D8290000), size: 1146880 (result: 0), SymType: '-deferred-', PDB: '', fileVersion: 10.0.26100.8328
C:\WINDOWS\SYSTEM32\VERSION.dll:VERSION.dll (00007FF9CB450000), size: 45056 (result: 0), SymType: '-deferred-', PDB: '', fileVersion: 10.0.26100.1150
C:\WINDOWS\System32\msvcrt.dll:msvcrt.dll (00007FF9D7EB0000), size: 692224 (result: 0), SymType: '-deferred-', PDB: '', fileVersion: 7.0.26100.8246
C:\WINDOWS\System32\SHLWAPI.dll:SHLWAPI.dll (00007FF9D74E0000), size: 417792 (result: 0), SymType: '-deferred-', PDB: '', fileVersion: 10.0.26100.8457
C:\WINDOWS\System32\Windows.Storage.dll:Windows.Storage.dll (00007FF9D5D60000), size: 8830976 (result: 0), SymType: '-deferred-', PDB: '', fileVersion: 10.0.26100.8457
C:\WINDOWS\System32\advapi32.dll:advapi32.dll (00007FF9D8880000), size: 745472 (result: 0), SymType: '-deferred-', PDB: '', fileVersion: 10.0.26100.8328
C:\WINDOWS\System32\sechost.dll:sechost.dll (00007FF9D7550000), size: 684032 (result: 0), SymType: '-deferred-', PDB: '', fileVersion: 10.0.26100.8328
C:\WINDOWS\System32\SETUPAPI.dll:SETUPAPI.dll (00007FF9D7A20000), size: 4747264 (result: 0), SymType: '-deferred-', PDB: '', fileVersion: 10.0.26100.8328
C:\WINDOWS\System32\SHELL32.dll:SHELL32.dll (00007FF9D6840000), size: 7790592 (result: 0), SymType: '-deferred-', PDB: '', fileVersion: 10.0.26100.8457
C:\WINDOWS\System32\OLEAUT32.dll:OLEAUT32.dll (00007FF9D8130000), size: 888832 (result: 0), SymType: '-deferred-', PDB: '', fileVersion: 10.0.26100.8328
C:\WINDOWS\System32\IMM32.dll:IMM32.dll (00007FF9D6FC0000), size: 204800 (result: 0), SymType: '-deferred-', PDB: '', fileVersion: 10.0.26100.8328
C:\WINDOWS\SYSTEM32\OPENGL32.dll:OPENGL32.dll (00007FF96FF30000), size: 1110016 (result: 0), SymType: '-deferred-', PDB: '', fileVersion: 10.0.26100.8328
C:\WINDOWS\SYSTEM32\WINMM.dll:WINMM.dll (00007FF9CFFF0000), size: 221184 (result: 0), SymType: '-deferred-', PDB: '', fileVersion: 10.0.26100.8457
C:\WINDOWS\System32\CRYPT32.dll:CRYPT32.dll (00007FF9D5620000), size: 1540096 (result: 0), SymType: '-deferred-', PDB: '', fileVersion: 10.0.26100.8328
C:\WINDOWS\System32\WS2_32.dll:WS2_32.dll (00007FF9D7450000), size: 524288 (result: 0), SymType: '-deferred-', PDB: '', fileVersion: 10.0.26100.8328
C:\WINDOWS\SYSTEM32\IPHLPAPI.DLL:IPHLPAPI.DLL (00007FF9D3D10000), size: 204800 (result: 0), SymType: '-deferred-', PDB: '', fileVersion: 10.0.26100.8457
C:\WINDOWS\SYSTEM32\WINHTTP.dll:WINHTTP.dll (00007FF9CAEF0000), size: 1216512 (result: 0), SymType: '-deferred-', PDB: '', fileVersion: 10.0.26100.8328
C:\WINDOWS\SYSTEM32\bcrypt.dll:bcrypt.dll (00007FF9D53C0000), size: 172032 (result: 0), SymType: '-deferred-', PDB: '', fileVersion: 10.0.26100.8246
C:\WINDOWS\SYSTEM32\HID.DLL:HID.DLL (00007FF9D3930000), size: 61440 (result: 0), SymType: '-deferred-', PDB: '', fileVersion: 10.0.26100.1150
C:\WINDOWS\SYSTEM32\dxgi.dll:dxgi.dll (00007FF9CFDA0000), size: 1302528 (result: 0), SymType: '-deferred-', PDB: '', fileVersion: 10.0.26100.8457
C:\WINDOWS\SYSTEM32\d3d11.dll:d3d11.dll (00007FF9CE1C0000), size: 2498560 (result: 0), SymType: '-deferred-', PDB: '', fileVersion: 10.0.26100.8457
C:\WINDOWS\SYSTEM32\GLU32.dll:GLU32.dll (00007FF9AAEC0000), size: 184320 (result: 0), SymType: '-deferred-', PDB: '', fileVersion: 10.0.26100.1150
C:\WINDOWS\SYSTEM32\dwmapi.dll:dwmapi.dll (00007FF9CFF10000), size: 192512 (result: 0), SymType: '-deferred-', PDB: '', fileVersion: 10.0.26100.8457
C:\WINDOWS\SYSTEM32\dxcore.dll:dxcore.dll (00007FF9D0680000), size: 282624 (result: 0), SymType: '-deferred-', PDB: '', fileVersion: 10.0.26100.8328
C:\WINDOWS\SYSTEM32\powrprof.dll:powrprof.dll (00007FF9D40D0000), size: 385024 (result: 0), SymType: '-deferred-', PDB: '', fileVersion: 10.0.26100.3912
C:\WINDOWS\SYSTEM32\UMPDC.dll:UMPDC.dll (00007FF9D4090000), size: 81920 (result: 0), SymType: '-deferred-', PDB: '', fileVersion: 10.0.26100.8115
C:\WINDOWS\SYSTEM32\kernel.appcore.dll:kernel.appcore.dll (00007FF9D4380000), size: 110592 (result: 0), SymType: '-deferred-', PDB: '', fileVersion: 10.0.26100.8328
C:\WINDOWS\System32\bcryptPrimitives.dll:bcryptPrimitives.dll (00007FF9D6740000), size: 688128 (result: 0), SymType: '-deferred-', PDB: '', fileVersion: 10.0.26100.8328
C:\WINDOWS\system32\uxtheme.dll:uxtheme.dll (00007FF9CFCA0000), size: 696320 (result: 0), SymType: '-deferred-', PDB: '', fileVersion: 10.0.26100.8457
C:\WINDOWS\System32\shcore.dll:shcore.dll (00007FF9D78A0000), size: 1007616 (result: 0), SymType: '-deferred-', PDB: '', fileVersion: 10.0.26100.8457
C:\WINDOWS\SYSTEM32\profapi.dll:profapi.dll (00007FF9D53F0000), size: 167936 (result: 0), SymType: '-deferred-', PDB: '', fileVersion: 10.0.26100.8328
G:\Crack\Hollow-Knight-SteamRIP.com\Hollow Knight\MonoBleedingEdge\EmbedRuntime\mono-2.0-bdwgc.dll:mono-2.0-bdwgc.dll (00007FF934EC0000), size: 10760192 (result: 0), SymType: '-deferred-', PDB: ''
C:\WINDOWS\System32\MSCTF.dll:MSCTF.dll (00007FF9D83B0000), size: 1425408 (result: 0), SymType: '-deferred-', PDB: '', fileVersion: 10.0.26100.8457
C:\WINDOWS\SYSTEM32\directxdatabasehelper.dll:directxdatabasehelper.dll (00007FF9CC680000), size: 397312 (result: 0), SymType: '-deferred-', PDB: '', fileVersion: 10.0.26100.8457
C:\WINDOWS\SYSTEM32\cfgmgr32.dll:cfgmgr32.dll (00007FF9D5130000), size: 331776 (result: 0), SymType: '-deferred-', PDB: '', fileVersion: 10.0.26100.8115
C:\WINDOWS\System32\DriverStore\FileRepository\nvlti.inf_amd64_3e1fdd8675181b79\nvldumdx.dll:nvldumdx.dll (00007FF9A7D00000), size: 802816 (result: 0), SymType: '-deferred-', PDB: '', fileVersion: 32.0.15.9579
C:\WINDOWS\SYSTEM32\msasn1.dll:msasn1.dll (00007FF9D4C40000), size: 77824 (result: 0), SymType: '-deferred-', PDB: '', fileVersion: 10.0.26100.8246
C:\WINDOWS\SYSTEM32\cryptnet.dll:cryptnet.dll (00007FF9CA970000), size: 241664 (result: 0), SymType: '-deferred-', PDB: '', fileVersion: 10.0.26100.8328
C:\WINDOWS\SYSTEM32\cryptbase.dll:cryptbase.dll (00007FF9D4BF0000), size: 49152 (result: 0), SymType: '-deferred-', PDB: '', fileVersion: 10.0.26100.8246
C:\WINDOWS\SYSTEM32\wldp.dll:wldp.dll (00007FF9D4CB0000), size: 434176 (result: 0), SymType: '-deferred-', PDB: '', fileVersion: 10.0.26100.8328
C:\WINDOWS\SYSTEM32\drvstore.dll:drvstore.dll (00007FF9C9F70000), size: 1540096 (result: 0), SymType: '-deferred-', PDB: '', fileVersion: 10.0.26100.8328
C:\WINDOWS\SYSTEM32\devobj.dll:devobj.dll (00007FF9D51B0000), size: 184320 (result: 0), SymType: '-deferred-', PDB: '', fileVersion: 10.0.26100.1150
C:\WINDOWS\System32\wintrust.dll:wintrust.dll (00007FF9D57A0000), size: 532480 (result: 0), SymType: '-deferred-', PDB: '', fileVersion: 10.0.26100.8328
C:\WINDOWS\System32\imagehlp.dll:imagehlp.dll (00007FF9D8220000), size: 131072 (result: 0), SymType: '-deferred-', PDB: '', fileVersion: 10.0.26100.4202
C:\WINDOWS\SYSTEM32\CRYPTSP.dll:CRYPTSP.dll (00007FF9D4BD0000), size: 110592 (result: 0), SymType: '-deferred-', PDB: '', fileVersion: 10.0.26100.8328
C:\WINDOWS\system32\rsaenh.dll:rsaenh.dll (00007FF9D42E0000), size: 233472 (result: 0), SymType: '-deferred-', PDB: '', fileVersion: 10.0.26100.7705
C:\WINDOWS\System32\DriverStore\FileRepository\nvlti.inf_amd64_3e1fdd8675181b79\nvgpucomp64.dll:nvgpucomp64.dll (00007FF99F870000), size: 83193856 (result: 0), SymType: '-deferred-', PDB: '', fileVersion: 32.0.15.9579
C:\WINDOWS\System32\DriverStore\FileRepository\nvlti.inf_amd64_3e1fdd8675181b79\Display.NvContainer\NvMessageBus.dll:NvMessageBus.dll (00007FF9BCB20000), size: 3551232 (result: 0), SymType: '-deferred-', PDB: '', fileVersion: 3.15.3538.9611
C:\WINDOWS\System32\DriverStore\FileRepository\nvlti.inf_amd64_3e1fdd8675181b79\NvMemMapStoragex.dll:NvMemMapStoragex.dll (00007FF99EFC0000), size: 1290240 (result: 0), SymType: '-deferred-', PDB: ''
C:\WINDOWS\System32\DriverStore\FileRepository\nvlti.inf_amd64_3e1fdd8675181b79\nvwgf2umx.dll:nvwgf2umx.dll (00007FF999A60000), size: 87707648 (result: 0), SymType: '-deferred-', PDB: '', fileVersion: 32.0.15.9579
C:\WINDOWS\System32\DriverStore\FileRepository\nvlti.inf_amd64_3e1fdd8675181b79\nvppex.dll:nvppex.dll (00007FF961870000), size: 7491584 (result: 0), SymType: '-deferred-', PDB: '', fileVersion: 32.0.15.9579
C:\WINDOWS\System32\clbcatq.dll:clbcatq.dll (00007FF9D7390000), size: 712704 (result: 0), SymType: '-deferred-', PDB: '', fileVersion: 2001.12.10941.16384
C:\WINDOWS\System32\MMDevApi.dll:MMDevApi.dll (00007FF9CA120000), size: 626688 (result: 0), SymType: '-deferred-', PDB: '', fileVersion: 10.0.26100.8328
C:\WINDOWS\SYSTEM32\AUDIOSES.DLL:AUDIOSES.DLL (00007FF9AF240000), size: 1781760 (result: 0), SymType: '-deferred-', PDB: '', fileVersion: 10.0.26100.8328
C:\WINDOWS\SYSTEM32\resourcepolicyclient.dll:resourcepolicyclient.dll (00007FF9D0920000), size: 81920 (result: 0), SymType: '-deferred-', PDB: '', fileVersion: 10.0.26100.8115
C:\Windows\System32\Windows.Gaming.Input.dll:Windows.Gaming.Input.dll (00007FF9BC600000), size: 884736 (result: 0), SymType: '-deferred-', PDB: '', fileVersion: 10.0.26100.8328
C:\WINDOWS\SYSTEM32\inputhost.dll:inputhost.dll (00007FF998FA0000), size: 1978368 (result: 0), SymType: '-deferred-', PDB: '', fileVersion: 10.0.26100.8457
C:\Windows\System32\CoreMessaging.dll:CoreMessaging.dll (00007FF9CF200000), size: 1208320 (result: 0), SymType: '-deferred-', PDB: '', fileVersion: 10.0.26100.8457
C:\Windows\System32\twinapi.appcore.dll:twinapi.appcore.dll (00007FF9C8750000), size: 2416640 (result: 0), SymType: '-deferred-', PDB: '', fileVersion: 10.0.26100.8457
C:\Windows\System32\WinTypes.dll:WinTypes.dll (00007FF9CB4C0000), size: 1482752 (result: 0), SymType: '-deferred-', PDB: '', fileVersion: 10.0.26100.8328
C:\WINDOWS\SYSTEM32\xinput1_3.dll:xinput1_3.dll (00007FF9BABA0000), size: 196608 (result: 0), SymType: '-deferred-', PDB: '', fileVersion: 10.0.26200.0
C:\Windows\System32\Windows.System.UserDeviceAssociation.dll:Windows.System.UserDeviceAssociation.dll (00007FF9BBEE0000), size: 114688 (result: 0), SymType: '-deferred-', PDB: '', fileVersion: 10.0.26100.8115
C:\WINDOWS\SYSTEM32\dcomp.dll:dcomp.dll (00007FF9CEAA0000), size: 2236416 (result: 0), SymType: '-deferred-', PDB: '', fileVersion: 10.0.26100.8457
C:\WINDOWS\SYSTEM32\Microsoft.Internal.WarpPal.dll:Microsoft.Internal.WarpPal.dll (00007FF9CDD00000), size: 102400 (result: 0), SymType: '-deferred-', PDB: ''
C:\Windows\System32\usermgrproxy.dll:usermgrproxy.dll (00007FF9BC720000), size: 393216 (result: 0), SymType: '-deferred-', PDB: '', fileVersion: 10.0.26100.8457
C:\WINDOWS\SYSTEM32\textinputframework.dll:textinputframework.dll (00007FF9ACC80000), size: 1335296 (result: 0), SymType: '-deferred-', PDB: '', fileVersion: 10.0.26100.8328
C:\WINDOWS\SYSTEM32\dbghelp.dll:dbghelp.dll (00007FF9D35F0000), size: 2367488 (result: 0), SymType: '-deferred-', PDB: '', fileVersion: 10.0.26100.8328
C:\WINDOWS\SYSTEM32\SspiCli.dll:SspiCli.dll (00007FF9D4620000), size: 299008 (result: 0), SymType: '-deferred-', PDB: '', fileVersion: 10.0.26100.8328

========== OUTPUTTING STACK TRACE ==================

0x00007FF92EE0DC9E (UnityPlayer) UnityMain
0x00007FF92EE0E037 (UnityPlayer) UnityMain
SymInit: Symbol-SearchPath: '.;G:\Crack\Hollow-Knight-SteamRIP.com\Hollow Knight;G:/Crack/Hollow-Knight-SteamRIP.com/Hollow Knight/hollow_knight_Data/Plugins\x86_64;G:/Crack/Hollow-Knight-SteamRIP.com/Hollow Knight/hollow_knight_Data/Plugins;G:\Crack\Hollow-Knight-SteamRIP.com\Hollow Knight;C:\WINDOWS;C:\WINDOWS\system32;', symOptions: 534, UserName: 'PC'
OS-Version: 10.0.0
G:\Crack\Hollow-Knight-SteamRIP.com\Hollow Knight\hollow_knight.exe:hollow_knight.exe (00007FF7616E0000), size: 692224 (result: 0), SymType: '-exported-', PDB: 'G:\Crack\Hollow-Knight-SteamRIP.com\Hollow Knight\hollow_knight.exe', fileVersion: 6000.0.61.41133
C:\WINDOWS\SYSTEM32\ntdll.dll:ntdll.dll (00007FF9D8AA0000), size: 2519040 (result: 0), SymType: '-exported-', PDB: 'C:\WINDOWS\SYSTEM32\ntdll.dll', fileVersion: 10.0.26100.8328
C:\WINDOWS\System32\KERNEL32.DLL:KERNEL32.DLL (00007FF9D8060000), size: 823296 (result: 0), SymType: '-exported-', PDB: 'C:\WINDOWS\System32\KERNEL32.DLL', fileVersion: 10.0.26100.8328
C:\WINDOWS\System32\KERNELBASE.dll:KERNELBASE.dll (00007FF9D5830000), size: 4157440 (result: 0), SymType: '-exported-', PDB: 'C:\WINDOWS\System32\KERNELBASE.dll', fileVersion: 10.0.26100.8457
G:\Crack\Hollow-Knight-SteamRIP.com\Hollow Knight\UnityPlayer.dll:UnityPlayer.dll (00007FF92DC80000), size: 34725888 (result: 0), SymType: '-exported-', PDB: 'G:\Crack\Hollow-Knight-SteamRIP.com\Hollow Knight\UnityPlayer.dll', fileVersion: 6000.0.61.41133
C:\WINDOWS\System32\USER32.dll:USER32.dll (00007FF9D8510000), size: 1859584 (result: 0), SymType: '-exported-', PDB: 'C:\WINDOWS\System32\USER32.dll', fileVersion: 10.0.26100.8457
C:\WINDOWS\System32\win32u.dll:win32u.dll (00007FF9D67F0000), size: 159744 (result: 0), SymType: '-exported-', PDB: 'C:\WINDOWS\System32\win32u.dll', fileVersion: 10.0.26100.8457
C:\WINDOWS\System32\GDI32.dll:GDI32.dll (00007FF9D8250000), size: 176128 (result: 0), SymType: '-exported-', PDB: 'C:\WINDOWS\System32\GDI32.dll', fileVersion: 10.0.26100.8328
C:\WINDOWS\System32\gdi32full.dll:gdi32full.dll (00007FF9D5C30000), size: 1228800 (result: 0), SymType: '-exported-', PDB: 'C:\WINDOWS\System32\gdi32full.dll', fileVersion: 10.0.26100.8457
C:\WINDOWS\System32\msvcp_win.dll:msvcp_win.dll (00007FF9D65D0000), size: 667648 (result: 0), SymType: '-exported-', PDB: 'C:\WINDOWS\System32\msvcp_win.dll', fileVersion: 10.0.26100.8328
C:\WINDOWS\System32\ucrtbase.dll:ucrtbase.dll (00007FF9D54D0000), size: 1355776 (result: 0), SymType: '-exported-', PDB: 'C:\WINDOWS\System32\ucrtbase.dll', fileVersion: 10.0.26100.8328
C:\WINDOWS\System32\ole32.dll:ole32.dll (00007FF9D86E0000), size: 1667072 (result: 0), SymType: '-exported-', PDB: 'C:\WINDOWS\System32\ole32.dll', fileVersion: 10.0.26100.8457
C:\WINDOWS\System32\combase.dll:combase.dll (00007FF9D7000000), size: 3682304 (result: 0), SymType: '-exported-', PDB: 'C:\WINDOWS\System32\combase.dll', fileVersion: 10.0.26100.8328
C:\WINDOWS\System32\RPCRT4.dll:RPCRT4.dll (00007FF9D8290000), size: 1146880 (result: 0), SymType: '-exported-', PDB: 'C:\WINDOWS\System32\RPCRT4.dll', fileVersion: 10.0.26100.8328
C:\WINDOWS\SYSTEM32\VERSION.dll:VERSION.dll (00007FF9CB450000), size: 45056 (result: 0), SymType: '-exported-', PDB: 'C:\WINDOWS\SYSTEM32\VERSION.dll', fileVersion: 10.0.26100.1150
C:\WINDOWS\System32\msvcrt.dll:msvcrt.dll (00007FF9D7EB0000), size: 692224 (result: 0), SymType: '-exported-', PDB: 'C:\WINDOWS\System32\msvcrt.dll', fileVersion: 7.0.26100.8246
C:\WINDOWS\System32\SHLWAPI.dll:SHLWAPI.dll (00007FF9D74E0000), size: 417792 (result: 0), SymType: '-exported-', PDB: 'C:\WINDOWS\System32\SHLWAPI.dll', fileVersion: 10.0.26100.8457
C:\WINDOWS\System32\Windows.Storage.dll:Windows.Storage.dll (00007FF9D5D60000), size: 8830976 (result: 0), SymType: '-exported-', PDB: 'C:\WINDOWS\System32\Windows.Storage.dll', fileVersion: 10.0.26100.8457
C:\WINDOWS\System32\advapi32.dll:advapi32.dll (00007FF9D8880000), size: 745472 (result: 0), SymType: '-exported-', PDB: 'C:\WINDOWS\System32\advapi32.dll', fileVersion: 10.0.26100.8328
C:\WINDOWS\System32\sechost.dll:sechost.dll (00007FF9D7550000), size: 684032 (result: 0), SymType: '-exported-', PDB: 'C:\WINDOWS\System32\sechost.dll', fileVersion: 10.0.26100.8328
C:\WINDOWS\System32\SETUPAPI.dll:SETUPAPI.dll (00007FF9D7A20000), size: 4747264 (result: 0), SymType: '-exported-', PDB: 'C:\WINDOWS\System32\SETUPAPI.dll', fileVersion: 10.0.26100.8328
C:\WINDOWS\System32\SHELL32.dll:SHELL32.dll (00007FF9D6840000), size: 7790592 (result: 0), SymType: '-exported-', PDB: 'C:\WINDOWS\System32\SHELL32.dll', fileVersion: 10.0.26100.8457
C:\WINDOWS\System32\OLEAUT32.dll:OLEAUT32.dll (00007FF9D8130000), size: 888832 (result: 0), SymType: '-exported-', PDB: 'C:\WINDOWS\System32\OLEAUT32.dll', fileVersion: 10.0.26100.8328
C:\WINDOWS\System32\IMM32.dll:IMM32.dll (00007FF9D6FC0000), size: 204800 (result: 0), SymType: '-exported-', PDB: 'C:\WINDOWS\System32\IMM32.dll', fileVersion: 10.0.26100.8328
C:\WINDOWS\SYSTEM32\OPENGL32.dll:OPENGL32.dll (00007FF96FF30000), size: 1110016 (result: 0), SymType: '-exported-', PDB: 'C:\WINDOWS\SYSTEM32\OPENGL32.dll', fileVersion: 10.0.26100.8328
C:\WINDOWS\SYSTEM32\WINMM.dll:WINMM.dll (00007FF9CFFF0000), size: 221184 (result: 0), SymType: '-exported-', PDB: 'C:\WINDOWS\SYSTEM32\WINMM.dll', fileVersion: 10.0.26100.8457
C:\WINDOWS\System32\CRYPT32.dll:CRYPT32.dll (00007FF9D5620000), size: 1540096 (result: 0), SymType: '-exported-', PDB: 'C:\WINDOWS\System32\CRYPT32.dll', fileVersion: 10.0.26100.8328
C:\WINDOWS\System32\WS2_32.dll:WS2_32.dll (00007FF9D7450000), size: 524288 (result: 0), SymType: '-exported-', PDB: 'C:\WINDOWS\System32\WS2_32.dll', fileVersion: 10.0.26100.8328
C:\WINDOWS\SYSTEM32\IPHLPAPI.DLL:IPHLPAPI.DLL (00007FF9D3D10000), size: 204800 (result: 0), SymType: '-exported-', PDB: 'C:\WINDOWS\SYSTEM32\IPHLPAPI.DLL', fileVersion: 10.0.26100.8457
C:\WINDOWS\SYSTEM32\WINHTTP.dll:WINHTTP.dll (00007FF9CAEF0000), size: 1216512 (result: 0), SymType: '-exported-', PDB: 'C:\WINDOWS\SYSTEM32\WINHTTP.dll', fileVersion: 10.0.26100.8328
C:\WINDOWS\SYSTEM32\bcrypt.dll:bcrypt.dll (00007FF9D53C0000), size: 172032 (result: 0), SymType: '-exported-', PDB: 'C:\WINDOWS\SYSTEM32\bcrypt.dll', fileVersion: 10.0.26100.8246
C:\WINDOWS\SYSTEM32\HID.DLL:HID.DLL (00007FF9D3930000), size: 61440 (result: 0), SymType: '-exported-', PDB: 'C:\WINDOWS\SYSTEM32\HID.DLL', fileVersion: 10.0.26100.1150
C:\WINDOWS\SYSTEM32\dxgi.dll:dxgi.dll (00007FF9CFDA0000), size: 1302528 (result: 0), SymType: '-exported-', PDB: 'C:\WINDOWS\SYSTEM32\dxgi.dll', fileVersion: 10.0.26100.8457
C:\WINDOWS\SYSTEM32\d3d11.dll:d3d11.dll (00007FF9CE1C0000), size: 2498560 (result: 0), SymType: '-exported-', PDB: 'C:\WINDOWS\SYSTEM32\d3d11.dll', fileVersion: 10.0.26100.8457
C:\WINDOWS\SYSTEM32\GLU32.dll:GLU32.dll (00007FF9AAEC0000), size: 184320 (result: 0), SymType: '-exported-', PDB: 'C:\WINDOWS\SYSTEM32\GLU32.dll', fileVersion: 10.0.26100.1150
async texture load: failed to load russian_body Atlas from G:/Crack/Hollow-Knight-SteamRIP.com/Hollow Knight/hollow_knight_Data/sharedassets0.assets.resS (unable to read texture data, read operation returned value 4)
C:\WINDOWS\SYSTEM32\dwmapi.dll:dwmapi.dll (00007FF9CFF10000), size: 192512 (result: 0), SymType: '-exported-', PDB: 'C:\WINDOWS\SYSTEM32\dwmapi.dll', fileVersion: 10.0.26100.8457
C:\WINDOWS\SYSTEM32\dxcore.dll:dxcore.dll (00007FF9D0680000), size: 282624 (result: 0), SymType: '-exported-', PDB: 'C:\WINDOWS\SYSTEM32\dxcore.dll', fileVersion: 10.0.26100.8328
C:\WINDOWS\SYSTEM32\powrprof.dll:powrprof.dll (00007FF9D40D0000), size: 385024 (result: 0), SymType: '-exported-', PDB: 'C:\WINDOWS\SYSTEM32\powrprof.dll', fileVersion: 10.0.26100.3912
C:\WINDOWS\SYSTEM32\UMPDC.dll:UMPDC.dll (00007FF9D4090000), size: 81920 (result: 0), SymType: '-exported-', PDB: 'C:\WINDOWS\SYSTEM32\UMPDC.dll', fileVersion: 10.0.26100.8115
C:\WINDOWS\SYSTEM32\kernel.appcore.dll:kernel.appcore.dll (00007FF9D4380000), size: 110592 (result: 0), SymType: '-exported-', PDB: 'C:\WINDOWS\SYSTEM32\kernel.appcore.dll', fileVersion: 10.0.26100.8328
C:\WINDOWS\System32\bcryptPrimitives.dll:bcryptPrimitives.dll (00007FF9D6740000), size: 688128 (result: 0), SymType: '-exported-', PDB: 'C:\WINDOWS\System32\bcryptPrimitives.dll', fileVersion: 10.0.26100.8328
C:\WINDOWS\system32\uxtheme.dll:uxtheme.dll (00007FF9CFCA0000), size: 696320 (result: 0), SymType: '-exported-', PDB: 'C:\WINDOWS\system32\uxtheme.dll', fileVersion: 10.0.26100.8457
C:\WINDOWS\System32\shcore.dll:shcore.dll (00007FF9D78A0000), size: 1007616 (result: 0), SymType: '-exported-', PDB: 'C:\WINDOWS\System32\shcore.dll', fileVersion: 10.0.26100.8457
C:\WINDOWS\SYSTEM32\profapi.dll:profapi.dll (00007FF9D53F0000), size: 167936 (result: 0), SymType: '-nosymbols-', PDB: 'C:\WINDOWS\SYSTEM32\profapi.dll', fileVersion: 10.0.26100.8328
G:\Crack\Hollow-Knight-SteamRIP.com\Hollow Knight\MonoBleedingEdge\EmbedRuntime\mono-2.0-bdwgc.dll:mono-2.0-bdwgc.dll (00007FF934EC0000), size: 10760192 (result: 0), SymType: '-exported-', PDB: 'G:\Crack\Hollow-Knight-SteamRIP.com\Hollow Knight\MonoBleedingEdge\EmbedRuntime\mono-2.0-bdwgc.dll'
C:\WINDOWS\System32\MSCTF.dll:MSCTF.dll (00007FF9D83B0000), size: 1425408 (result: 0), SymType: '-exported-', PDB: 'C:\WINDOWS\System32\MSCTF.dll', fileVersion: 10.0.26100.8457
C:\WINDOWS\SYSTEM32\directxdatabasehelper.dll:directxdatabasehelper.dll (00007FF9CC680000), size: 397312 (result: 0), SymType: '-nosymbols-', PDB: 'C:\WINDOWS\SYSTEM32\directxdatabasehelper.dll', fileVersion: 10.0.26100.8457
async texture load: failed to load chinese_trad_body Atlas from G:/Crack/Hollow-Knight-SteamRIP.com/Hollow Knight/hollow_knight_Data/sharedassets0.assets.resS (unable to read texture data, read operation returned value 2)
C:\WINDOWS\SYSTEM32\cfgmgr32.dll:cfgmgr32.dll (00007FF9D5130000), size: 331776 (result: 0), SymType: '-exported-', PDB: 'C:\WINDOWS\SYSTEM32\cfgmgr32.dll', fileVersion: 10.0.26100.8115
C:\WINDOWS\System32\DriverStore\FileRepository\nvlti.inf_amd64_3e1fdd8675181b79\nvldumdx.dll:nvldumdx.dll (00007FF9A7D00000), size: 802816 (result: 0), SymType: '-exported-', PDB: 'C:\WINDOWS\System32\DriverStore\FileRepository\nvlti.inf_amd64_3e1fdd8675181b79\nvldumdx.dll', fileVersion: 32.0.15.9579
C:\WINDOWS\SYSTEM32\msasn1.dll:msasn1.dll (00007FF9D4C40000), size: 77824 (result: 0), SymType: '-exported-', PDB: 'C:\WINDOWS\SYSTEM32\msasn1.dll', fileVersion: 10.0.26100.8246
C:\WINDOWS\SYSTEM32\cryptnet.dll:cryptnet.dll (00007FF9CA970000), size: 241664 (result: 0), SymType: '-exported-', PDB: 'C:\WINDOWS\SYSTEM32\cryptnet.dll', fileVersion: 10.0.26100.8328
C:\WINDOWS\SYSTEM32\cryptbase.dll:cryptbase.dll (00007FF9D4BF0000), size: 49152 (result: 0), SymType: '-exported-', PDB: 'C:\WINDOWS\SYSTEM32\cryptbase.dll', fileVersion: 10.0.26100.8246
C:\WINDOWS\SYSTEM32\wldp.dll:wldp.dll (00007FF9D4CB0000), size: 434176 (result: 0), SymType: '-exported-', PDB: 'C:\WINDOWS\SYSTEM32\wldp.dll', fileVersion: 10.0.26100.8328
C:\WINDOWS\SYSTEM32\drvstore.dll:drvstore.dll (00007FF9C9F70000), size: 1540096 (result: 0), SymType: '-exported-', PDB: 'C:\WINDOWS\SYSTEM32\drvstore.dll', fileVersion: 10.0.26100.8328
C:\WINDOWS\SYSTEM32\devobj.dll:devobj.dll (00007FF9D51B0000), size: 184320 (result: 0), SymType: '-exported-', PDB: 'C:\WINDOWS\SYSTEM32\devobj.dll', fileVersion: 10.0.26100.1150
C:\WINDOWS\System32\wintrust.dll:wintrust.dll (00007FF9D57A0000), size: 532480 (result: 0), SymType: '-exported-', PDB: 'C:\WINDOWS\System32\wintrust.dll', fileVersion: 10.0.26100.8328
C:\WINDOWS\System32\imagehlp.dll:imagehlp.dll (00007FF9D8220000), size: 131072 (result: 0), SymType: '-exported-', PDB: 'C:\WINDOWS\System32\imagehlp.dll', fileVersion: 10.0.26100.4202
C:\WINDOWS\SYSTEM32\CRYPTSP.dll:CRYPTSP.dll (00007FF9D4BD0000), size: 110592 (result: 0), SymType: '-exported-', PDB: 'C:\WINDOWS\SYSTEM32\CRYPTSP.dll', fileVersion: 10.0.26100.8328
C:\WINDOWS\system32\rsaenh.dll:rsaenh.dll (00007FF9D42E0000), size: 233472 (result: 0), SymType: '-exported-', PDB: 'C:\WINDOWS\system32\rsaenh.dll', fileVersion: 10.0.26100.7705
C:\WINDOWS\System32\DriverStore\FileRepository\nvlti.inf_amd64_3e1fdd8675181b79\nvgpucomp64.dll:nvgpucomp64.dll (00007FF99F870000), size: 83193856 (result: 0), SymType: '-exported-', PDB: 'C:\WINDOWS\System32\DriverStore\FileRepository\nvlti.inf_amd64_3e1fdd8675181b79\nvgpucomp64.dll', fileVersion: 32.0.15.9579
C:\WINDOWS\System32\DriverStore\FileRepository\nvlti.inf_amd64_3e1fdd8675181b79\Display.NvContainer\NvMessageBus.dll:NvMessageBus.dll (00007FF9BCB20000), size: 3551232 (result: 0), SymType: '-exported-', PDB: 'C:\WINDOWS\System32\DriverStore\FileRepository\nvlti.inf_amd64_3e1fdd8675181b79\Display.NvContainer\NvMessageBus.dll', fileVersion: 3.15.3538.9611
C:\WINDOWS\System32\DriverStore\FileRepository\nvlti.inf_amd64_3e1fdd8675181b79\NvMemMapStoragex.dll:NvMemMapStoragex.dll (00007FF99EFC0000), size: 1290240 (result: 0), SymType: '-exported-', PDB: 'C:\WINDOWS\System32\DriverStore\FileRepository\nvlti.inf_amd64_3e1fdd8675181b79\NvMemMapStoragex.dll'
C:\WINDOWS\System32\DriverStore\FileRepository\nvlti.inf_amd64_3e1fdd8675181b79\nvwgf2umx.dll:nvwgf2umx.dll (00007FF999A60000), size: 87707648 (result: 0), SymType: '-exported-', PDB: 'C:\WINDOWS\System32\DriverStore\FileRepository\nvlti.inf_amd64_3e1fdd8675181b79\nvwgf2umx.dll', fileVersion: 32.0.15.9579
C:\WINDOWS\System32\DriverStore\FileRepository\nvlti.inf_amd64_3e1fdd8675181b79\nvppex.dll:nvppex.dll (00007FF961870000), size: 7491584 (result: 0), SymType: '-exported-', PDB: 'C:\WINDOWS\System32\DriverStore\FileRepository\nvlti.inf_amd64_3e1fdd8675181b79\nvppex.dll', fileVersion: 32.0.15.9579
C:\WINDOWS\System32\clbcatq.dll:clbcatq.dll (00007FF9D7390000), size: 712704 (result: 0), SymType: '-exported-', PDB: 'C:\WINDOWS\System32\clbcatq.dll', fileVersion: 2001.12.10941.16384
C:\WINDOWS\System32\MMDevApi.dll:MMDevApi.dll (00007FF9CA120000), size: 626688 (result: 0), SymType: '-exported-', PDB: 'C:\WINDOWS\System32\MMDevApi.dll', fileVersion: 10.0.26100.8328
C:\WINDOWS\SYSTEM32\AUDIOSES.DLL:AUDIOSES.DLL (00007FF9AF240000), size: 1781760 (result: 0), SymType: '-exported-', PDB: 'C:\WINDOWS\SYSTEM32\AUDIOSES.DLL', fileVersion: 10.0.26100.8328
C:\WINDOWS\SYSTEM32\resourcepolicyclient.dll:resourcepolicyclient.dll (00007FF9D0920000), size: 81920 (result: 0), SymType: '-exported-', PDB: 'C:\WINDOWS\SYSTEM32\resourcepolicyclient.dll', fileVersion: 10.0.26100.8115
C:\Windows\System32\Windows.Gaming.Input.dll:Windows.Gaming.Input.dll (00007FF9BC600000), size: 884736 (result: 0), SymType: '-exported-', PDB: 'C:\Windows\System32\Windows.Gaming.Input.dll', fileVersion: 10.0.26100.8328
C:\WINDOWS\SYSTEM32\inputhost.dll:inputhost.dll (00007FF998FA0000), size: 1978368 (result: 0), SymType: '-exported-', PDB: 'C:\WINDOWS\SYSTEM32\inputhost.dll', fileVersion: 10.0.26100.8457
C:\Windows\System32\CoreMessaging.dll:CoreMessaging.dll (00007FF9CF200000), size: 1208320 (result: 0), SymType: '-exported-', PDB: 'C:\Windows\System32\CoreMessaging.dll', fileVersion: 10.0.26100.8457
C:\Windows\System32\twinapi.appcore.dll:twinapi.appcore.dll (00007FF9C8750000), size: 2416640 (result: 0), SymType: '-exported-', PDB: 'C:\Windows\System32\twinapi.appcore.dll', fileVersion: 10.0.26100.8457
C:\Windows\System32\WinTypes.dll:WinTypes.dll (00007FF9CB4C0000), size: 1482752 (result: 0), SymType: '-exported-', PDB: 'C:\Windows\System32\WinTypes.dll', fileVersion: 10.0.26100.8328
C:\WINDOWS\SYSTEM32\xinput1_3.dll:xinput1_3.dll (00007FF9BABA0000), size: 196608 (result: 0), SymType: '-exported-', PDB: 'C:\WINDOWS\SYSTEM32\xinput1_3.dll', fileVersion: 10.0.26200.0
C:\Windows\System32\Windows.System.UserDeviceAssociation.dll:Windows.System.UserDeviceAssociation.dll (00007FF9BBEE0000), size: 114688 (result: 0), SymType: '-exported-', PDB: 'C:\Windows\System32\Windows.System.UserDeviceAssociation.dll', fileVersion: 10.0.26100.8115
C:\WINDOWS\SYSTEM32\dcomp.dll:dcomp.dll (00007FF9CEAA0000), size: 2236416 (result: 0), SymType: '-exported-', PDB: 'C:\WINDOWS\SYSTEM32\dcomp.dll', fileVersion: 10.0.26100.8457
C:\WINDOWS\SYSTEM32\Microsoft.Internal.WarpPal.dll:Microsoft.Internal.WarpPal.dll (00007FF9CDD00000), size: 102400 (result: 0), SymType: '-exported-', PDB: 'C:\WINDOWS\SYSTEM32\Microsoft.Internal.WarpPal.dll'
C:\Windows\System32\usermgrproxy.dll:usermgrproxy.dll (00007FF9BC720000), size: 393216 (result: 0), SymType: '-exported-', PDB: 'C:\Windows\System32\usermgrproxy.dll', fileVersion: 10.0.26100.8457
C:\WINDOWS\SYSTEM32\textinputframework.dll:textinputframework.dll (00007FF9ACC80000), size: 1335296 (result: 0), SymType: '-exported-', PDB: 'C:\WINDOWS\SYSTEM32\textinputframework.dll', fileVersion: 10.0.26100.8328
C:\WINDOWS\SYSTEM32\dbghelp.dll:dbghelp.dll (00007FF9D35F0000), size: 2367488 (result: 0), SymType: '-exported-', PDB: 'C:\WINDOWS\SYSTEM32\dbghelp.dll', fileVersion: 10.0.26100.8328
C:\WINDOWS\SYSTEM32\SspiCli.dll:SspiCli.dll (00007FF9D4620000), size: 299008 (result: 0), SymType: '-exported-', PDB: 'C:\WINDOWS\SYSTEM32\SspiCli.dll', fileVersion: 10.0.26100.8328
  ERROR: SymGetSymFromAddr64, GetLastError: 'Attempt to access invalid address.' (Address: 00007FF92E21838A)
0x00007FF92E21838A (UnityPlayer) (function-name not available)
  ERROR: SymGetSymFromAddr64, GetLastError: 'Attempt to access invalid address.' (Address: 00007FF92E217BA5)
0x00007FF92E217BA5 (UnityPlayer) (function-name not available)
  ERROR: SymGetSymFromAddr64, GetLastError: 'Attempt to access invalid address.' (Address: 00007FF92DF12164)
0x00007FF92DF12164 (UnityPlayer) (function-name not available)
  ERROR: SymGetSymFromAddr64, GetLastError: 'Attempt to access invalid address.' (Address: 00007FF92E3F517A)
0x00007FF92E3F517A (UnityPlayer) (function-name not available)
  ERROR: SymGetSymFromAddr64, GetLastError: 'Attempt to access invalid address.' (Address: 00007FF92E40184C)
0x00007FF92E40184C (UnityPlayer) (function-name not available)
  ERROR: SymGetSymFromAddr64, GetLastError: 'Attempt to access invalid address.' (Address: 00007FF92E3F05C7)
0x00007FF92E3F05C7 (UnityPlayer) (function-name not available)
  ERROR: SymGetSymFromAddr64, GetLastError: 'Attempt to access invalid address.' (Address: 00007FF92E3F04A7)
0x00007FF92E3F04A7 (UnityPlayer) (function-name not available)
  ERROR: SymGetSymFromAddr64, GetLastError: 'Attempt to access invalid address.' (Address: 00007FF92E42AA60)
0x00007FF92E42AA60 (UnityPlayer) (function-name not available)
  ERROR: SymGetSymFromAddr64, GetLastError: 'Attempt to access invalid address.' (Address: 00007FF92E3BC010)
0x00007FF92E3BC010 (UnityPlayer) (function-name not available)
  ERROR: SymGetSymFromAddr64, GetLastError: 'Attempt to access invalid address.' (Address: 00007FF92E43A47A)
0x00007FF92E43A47A (UnityPlayer) (function-name not available)
  ERROR: SymGetSymFromAddr64, GetLastError: 'Attempt to access invalid address.' (Address: 00007FF92E42E494)
0x00007FF92E42E494 (UnityPlayer) (function-name not available)
  ERROR: SymGetSymFromAddr64, GetLastError: 'Attempt to access invalid address.' (Address: 00007FF92E42F2E8)
0x00007FF92E42F2E8 (UnityPlayer) (function-name not available)
  ERROR: SymGetSymFromAddr64, GetLastError: 'Attempt to access invalid address.' (Address: 00007FF92E2053BF)
0x00007FF92E2053BF (UnityPlayer) (function-name not available)
  ERROR: SymGetSymFromAddr64, GetLastError: 'Attempt to access invalid address.' (Address: 00007FF92E206D68)
0x00007FF92E206D68 (UnityPlayer) (function-name not available)
  ERROR: SymGetSymFromAddr64, GetLastError: 'Attempt to access invalid address.' (Address: 00007FF92E207009)
0x00007FF92E207009 (UnityPlayer) (function-name not available)
  ERROR: SymGetSymFromAddr64, GetLastError: 'Attempt to access invalid address.' (Address: 00007FF92E2069B9)
0x00007FF92E2069B9 (UnityPlayer) (function-name not available)
  ERROR: SymGetSymFromAddr64, GetLastError: 'Attempt to access invalid address.' (Address: 00007FF92E2A9D57)
0x00007FF92E2A9D57 (UnityPlayer) (function-name not available)
0x00007FF9D808E957 (KERNEL32) BaseThreadInitThunk
0x00007FF9D8AA427C (ntdll) RtlUserThreadStart

========== END OF STACKTRACE ===========

A crash has been intercepted by the crash handler. For call stack and other details, see the latest crash report generated in:
 * C:/Users/PC/AppData/Local/Temp/Team Cherry/Hollow Knight/Crashes
