Input System module state changed to: Initialized.
[Physics::Module] Initialized fallback backend.
[Physics::Module] Id: 0xdecafbad
Failed to load 'G:/Crack/Dave the Diver (2023)/Dave the Diver/DaveTheDiver_Data/Plugins\x86_64/GfxPluginNativeRender-x64.dll', expected x64 architecture, but was Unknown architecture. You must recompile your plugin for x64 architecture.
Failed to load 'G:/Crack/Dave the Diver (2023)/Dave the Diver/DaveTheDiver_Data/Plugins\x86_64/DynamicLibraryLoaderHelper-x64.dll', expected x64 architecture, but was Unknown architecture. You must recompile your plugin for x64 architecture.
Initialize engine version: 6000.0.52f1 (9e4086222921)
[Subsystems] Discovering subsystems at path G:/Crack/Dave the Diver (2023)/Dave the Diver/DaveTheDiver_Data/UnitySubsystems
kGfxThreadingModeSplitJobs is not supported on Direct3D 11. Reverting to kGfxThreadingModeClientWorkerJobs instead.
GfxDevice: creating device client; kGfxThreadingModeClientWorkerJobs
Direct3D:
    Version:  Direct3D 11.0 [level 11.1]
    Renderer: NVIDIA GeForce RTX 3050 6GB Laptop GPU (ID=0x25ec)
    Vendor:   NVIDIA
    VRAM:     6001 MB
    Driver:   32.0.15.9579
[Physics::Module] Selected backend.
[Physics::Module] Name: PhysX
[Physics::Module] Id: 0xf2b8ea05
[Physics::Module] SDK Version: 4.1.2
[Physics::Module] Integration Version: 1.0.0
[Physics::Module] Threading Mode: Multi-Threaded
<RI> Initializing input.
Using Windows.Gaming.Input
<RI> Input initialized.
<RI> Initialized touch support.
The referenced script (GDKMgr) on this Behaviour is missing!
The referenced script on this Behaviour (Game Object 'GDKMgr') is missing!
UnloadTime: 0.597200 ms
Odin Serializer ArchitectureInfo initialization with defaults (all unaligned read/writes disabled).
UnityEngine.DebugLogHandler:Internal_Log(LogType, LogOption, String, Object)
UnityEngine.Logger:Log(LogType, Object)
UnityEngine.Debug:Log(Object)
Sirenix.Serialization.UnitySerializationInitializer:Initialize()

Odin Serializer detected whitelisted runtime platform WindowsPlayer and memory read test succeeded; enabling all unaligned memory read/writes.
UnityEngine.DebugLogHandler:Internal_Log(LogType, LogOption, String, Object)
UnityEngine.Logger:Log(LogType, Object)
UnityEngine.Debug:Log(Object)
Sirenix.Serialization.ArchitectureInfo:SetRuntimePlatform(RuntimePlatform)
Sirenix.Serialization.UnitySerializationInitializer:Initialize()

RenderGraph is now disabled.
UnityEngine.DebugLogHandler:Internal_Log(LogType, LogOption, String, Object)
UnityEngine.Logger:Log(LogType, Object)
UnityEngine.Debug:Log(Object)
UnityEngine.Rendering.Universal.UniversalRenderPipeline:.ctor(UniversalRenderPipelineAsset)
UnityEngine.Rendering.Universal.UniversalRenderPipelineAsset:CreatePipeline()
UnityEngine.Rendering.RenderPipelineAsset:InternalCreatePipeline()
UnityEngine.Rendering.RenderPipelineManager:TryPrepareRenderPipeline(RenderPipelineAsset)
UnityEngine.Rendering.RenderPipelineManager:DoRenderLoop_Internal(RenderPipelineAsset, IntPtr, Object)

Unloading 6 Unused Serialized files (Serialized files now loaded: 367)
ondestroy called singleton AddressableEditorRecorder
UnityEngine.DebugLogHandler:Internal_Log(LogType, LogOption, String, Object)
UnityEngine.Logger:Log(LogType, Object)
UnityEngine.Debug:Log(Object)

UnloadTime: 1.375000 ms
Build Version : v1.0.5.1784.steam
UnityEngine.DebugLogHandler:Internal_Log(LogType, LogOption, String, Object)
UnityEngine.Logger:LogFormat(LogType, String, Object[])
UnityEngine.Debug:LogFormat(String, Object[])
LogoManager:Awake()

[Steamworks.NET] SteamAPI_Init() failed. Refer to Valve's documentation or the comment above this line for more information.
UnityEngine.DebugLogHandler:Internal_Log(LogType, LogOption, String, Object)
UnityEngine.Logger:Log(LogType, Object, Object)
UnityEngine.Debug:LogError(Object, Object)
SteamManager:Awake()

ondestroy called singleton CameraResolution
UnityEngine.DebugLogHandler:Internal_Log(LogType, LogOption, String, Object)
UnityEngine.Logger:Log(LogType, Object)
UnityEngine.Debug:Log(Object)

Unloading 61 unused Assets to reduce memory usage. Loaded Objects now: 13439.
Total: 11.854100 ms (FindLiveObjects: 0.595100 ms CreateObjectMapping: 0.517000 ms MarkObjects: 10.613200 ms  DeleteObjects: 0.128400 ms)

