MegaDot v4.5.1.m.9.mono.custom_build - https://godotengine.org
D3D12 12_0 - Forward+ - Using Device #0: NVIDIA - NVIDIA GeForce RTX 3050 6GB Laptop GPU
WARNING: PSO caching is not implemented yet in the Direct3D 12 driver.
   at: pipeline_cache_create (drivers/d3d12/rendering_device_driver_d3d12.cpp:4467)

FMOD Sound System: Successfully initialized
[INFO] Found release_info.json at: G:\Crack\Slay the Spire 2\Slay the Spire 2\release_info.json
[INFO] [Sentry.NET] Initialized: env=development, release=v0.103.2
[INFO] Steamworks: attempting initialization...
[INFO] Steam is running: True
[INFO] Steamworks initialization succeeded!
[INFO] Steam is enabled, we will write saves to steam storage. Enabled for account: True, app: True 
[INFO] Registered 11 migrations
[INFO] Current save versions: PrefsSave v2; ProfileSave v2; SerializableProgress v21; RunHistory v9; SerializableRun v16; SettingsSave v5
[INFO] Found mod manifest file G:\Crack\Slay the Spire 2\Slay the Spire 2\mods\CanhCutTeam_Mod.json
[WARN] Could not get Steam Workshop item install info for item 2604016111
[INFO] Loading assembly DLL G:\Crack\Slay the Spire 2\Slay the Spire 2\mods\CanhCutTeam_Mod.dll
[INFO] Loading Godot PCK G:\Crack\Slay the Spire 2\Slay the Spire 2\mods\CanhCutTeam_Mod.pck
[INFO] Calling initializer method of type CanhCutTeam_Mod.MainFile for CanhCutTeam_Mod, Version=0.0.0.0, Culture=neutral, PublicKeyToken=null
[INFO] [CanhCutTeam_Mod] CanhCutTeam_Mod: Loaded embedded fonts, regular=82556 bold=103832
[INFO] [CanhCutTeam_Mod] CanhCutTeam_Mod: Patched font instance 9223372076432229919 from ResourceLoader:res://fonts/kreon_regular.ttf
[INFO] [CanhCutTeam_Mod] CanhCutTeam_Mod: Patched font instance 9223372072338589162 from ResourceLoader:res://fonts/kreon_bold.ttf
[INFO] Finished mod initialization for 'Việt hóa bởi Cánh Cụt Team' (CanhCutTeam_Mod).
[INFO]  --- RUNNING MODDED! --- Loaded 1 mods (1 total)
[INFO] Syncing cloud save files to the local save directory
[WARN] Asset not cached: res://scenes/cards/card.tscn
[WARN] Asset not cached: res://scenes/cards/holders/grid_card_holder.tscn
[INFO] AtlasManager: Loaded ui_atlas with 102 sprites
[INFO] AtlasManager: Loaded compressed with 45 sprites
[INFO] Loading locale path=res://localization/eng
[INFO] Found loc table from mod: eng achievements.json. Merging with base loc table
[INFO] Found loc table from mod: eng acts.json. Merging with base loc table
[INFO] Found loc table from mod: eng afflictions.json. Merging with base loc table
[INFO] Found loc table from mod: eng ancients.json. Merging with base loc table
[INFO] Found loc table from mod: eng ascension.json. Merging with base loc table
[INFO] Found loc table from mod: eng badges.json. Merging with base loc table
[INFO] Found loc table from mod: eng bestiary.json. Merging with base loc table
[INFO] Found loc table from mod: eng card_keywords.json. Merging with base loc table
[INFO] Found loc table from mod: eng card_library.json. Merging with base loc table
[INFO] Found loc table from mod: eng card_reward_ui.json. Merging with base loc table
[INFO] Found loc table from mod: eng card_selection.json. Merging with base loc table
[INFO] Found loc table from mod: eng cards.json. Merging with base loc table
[INFO] Found loc table from mod: eng characters.json. Merging with base loc table
[INFO] Found loc table from mod: eng combat_messages.json. Merging with base loc table
[INFO] Found loc table from mod: eng credits.json. Merging with base loc table
[INFO] Found loc table from mod: eng enchantments.json. Merging with base loc table
[INFO] Found loc table from mod: eng encounters.json. Merging with base loc table
[INFO] Found loc table from mod: eng epochs.json. Merging with base loc table
[INFO] Found loc table from mod: eng eras.json. Merging with base loc table
[INFO] Found loc table from mod: eng events.json. Merging with base loc table
[INFO] Found loc table from mod: eng extensions.json. Merging with base loc table
[INFO] Found loc table from mod: eng ftues.json. Merging with base loc table
[INFO] Found loc table from mod: eng game_modes.json. Merging with base loc table
[INFO] Found loc table from mod: eng game_over_screen.json. Merging with base loc table
[INFO] Found loc table from mod: eng gameplay_ui.json. Merging with base loc table
[INFO] Found loc table from mod: eng inspect_relic_screen.json. Merging with base loc table
[INFO] Found loc table from mod: eng intents.json. Merging with base loc table
[INFO] Found loc table from mod: eng main_menu_ui.json. Merging with base loc table
[INFO] Found loc table from mod: eng map.json. Merging with base loc table
[INFO] Found loc table from mod: eng merchant_room.json. Merging with base loc table
[INFO] Found loc table from mod: eng modifiers.json. Merging with base loc table
[INFO] Found loc table from mod: eng monsters.json. Merging with base loc table
[INFO] Found loc table from mod: eng orbs.json. Merging with base loc table
[INFO] Found loc table from mod: eng potion_lab.json. Merging with base loc table
[INFO] Found loc table from mod: eng potions.json. Merging with base loc table
[INFO] Found loc table from mod: eng powers.json. Merging with base loc table
[INFO] Found loc table from mod: eng relic_collection.json. Merging with base loc table
[INFO] Found loc table from mod: eng relics.json. Merging with base loc table
[INFO] Found loc table from mod: eng rest_site_ui.json. Merging with base loc table
[INFO] Found loc table from mod: eng rich_presence.json. Merging with base loc table
[INFO] Found loc table from mod: eng run_history.json. Merging with base loc table
[INFO] Found loc table from mod: eng settings_ui.json. Merging with base loc table
[INFO] Found loc table from mod: eng static_hover_tips.json. Merging with base loc table
[INFO] Found loc table from mod: eng stats_screen.json. Merging with base loc table
[INFO] Found loc table from mod: eng timeline.json. Merging with base loc table
[INFO] Found loc table from mod: eng vfx.json. Merging with base loc table
[INFO] ModelIdSerializationCache initialized. Categories: 19 Entries: 1611 Epochs: 57 Hash: 1357847701
[Sentry.GDExtension] Initialized: env=playtesters, release=v0.103.2
[INFO] Profile-scoped data path initialized: user://steam/76561199150770555/profile1
[INFO] [Sentry.NET] Is running modded
[INFO] [Sentry.NET] Shutting down because event reporting is disabled.
[INFO] [Sentry.NET] Shutting down
[Sentry.GDExtension] Shutting down
[INFO] AtlasManager: Loaded controller_atlas with 112 sprites
[INFO] Applying display settings...
  FULLSCREEN: True
  ASPECT_RATIO: (SixteenByNine)
  TARGET_DISPLAY: (0)
  WINDOW_SIZE: (1920, 1080)
  POSITION: (-1, -1)
[INFO] [Display] Min size: (64, 64) Max size: (16384, 16384)
[INFO] Window changed! New size: (1920, 1061)
[INFO] [Display] Setting FULLSCREEN on Display: 1 of 1
[INFO] Window changed! New size: (1934, 1100)
[INFO] Window changed! New size: (1920, 1080)
[INFO] VSync: Adaptive
[INFO] SteamStatsManager: Global stats received (found=True), architect damage = 1337
[INFO] SteamStatsManager: User stats received
[INFO] Wrote 2403 bytes to path=user://steam/76561199150770555/settings.save save_dir=user://steam/76561199150770555
[INFO] Wrote 2403 bytes to settings.save in steam remote store
[INFO] === Godot OS Debug Information ===
Timestamp: 05/19/2026 06:15:34
OS: Windows
OS Version: 10.0.26200
Distribution Name: Windows
Device Model: 83GS
Is Debug Build: False
Is Sandboxed: False
Executable Path: G:/Crack/Slay the Spire 2/Slay the Spire 2/SlayTheSpire2.exe
Data Directory: C:/Users/PC/AppData/Roaming
User Data Directory: C:/Users/PC/AppData/Roaming/SlayTheSpire2
Command Line Args: 
User Command Line Args: 
OS Locale: en_US
OS Language: en
Game Locale: en_US
Is UserFS Persistent: True
Is Stdout Verbose: False
Is Low Processor Usage Mode: False
Architecture: x86_64
Engine Version: 4.5.1-m.9 (custom_build)
Is Editor: False
Release Version: v0.103.2
Release Commit: 89765e1e
Release Date: 04/16/2026 21:53:23
Processor Count: 12
Processor Name: 12th Gen Intel(R) Core(TM) i5-12450HX
Main assembly hash: 1832700724
Rendering device name: NVIDIA GeForce RTX 3050 6GB Laptop GPU
  Graphics adapter 0: NVIDIA GeForce RTX 3050 6GB Laptop GPU
  version: 32.0.15.0
  Graphics adapter 1: Intel(R) UHD Graphics
  version: 32.0.101.0
  Graphics adapter 2: Microsoft Basic Render Driver
  version: 10.0.26100.0
Screen info (primary 0):
  Index 0: Size: (1920, 1080) Orientation: Landscape Scale: 1 DPI: 96 Refresh Rate: 240.001
Video Memory Used: 0.0B
Memory Info:
  physical: 11.7GB
  free: 4.7GB
  available: 20.7GB
  stack: 8.0MB
  Static Memory Usage: 0.0B
  Static Memory Peak Usage: 0.0B
Important Environment Variables:
  PATH: C:\Program Files (x86)\Common Files\Oracle\Java\java8path;C:\Program Files (x86)\Common Files\Oracle\Java\javapath;C:\WINDOWS\system32;C:\WINDOWS;C:\WINDOWS\System32\Wbem;C:\WINDOWS\System32\WindowsPowerShell\v1.0\;C:\WINDOWS\System32\OpenSSH\;C:\Program Files (x86)\NVIDIA Corporation\PhysX\Common;C:\Program Files\dotnet\;C:\Program Files\Git\cmd;C:\Program Files\nodejs\;C:\Src\flutter\bin;C:\Program Files\Cloudflare\Cloudflare WARP\;C:\Users\PC\AppData\Local\Programs\Python\Python314\Scripts\;C:\Users\PC\AppData\Local\Programs\Python\Python314\;C:\Users\PC\AppData\Local\Programs\Python\Launcher\;C:\Users\PC\.local\bin;C:\Users\PC\.cargo\bin;C:\Users\PC\AppData\Local\UniGetUI\Chocolatey\bin;C:\Users\PC\AppData\Local\Microsoft\WindowsApps;C:\Users\PC\AppData\Local\Programs\Microsoft VS Code\bin;C:\Users\PC\AppData\Local\GitHubDesktop\bin;C:\Users\PC\AppData\Roaming\npm;C:\Src\flutter\bin;C:\Users\PC\.cargo\bin;C:\Users\PC\AppData\Local\Programs\Antigravity\bin;C:\Users\PC\.dotnet\tools
  GODOT_ROOT_DIR: 
  HOME: 
  DYLD_LIBRARY_PATH: 
  LD_LIBRARY_PATH: 

[INFO] Preloading 'IntroLogo' assets... count=3 vfx=0
[INFO] Preloading 'IntroLogo' Complete: assets=3 time_elapsed=28ms
[INFO] Preloading 'MainMenuEssentials' assets... count=5 vfx=0
[INFO] Preloading 'MainMenuEssentials' Complete: assets=5 time_elapsed=180ms
[WARN] Asset not cached: res://debug_audio/SOTE_Logo_Echoing_ShortTail.mp3
[INFO] [Startup] Time to main menu (Godot ticks): 14262ms
[INFO] [Startup] Time to main menu: 14,267ms
[INFO] [Startup] Resource stats (main menu loaded (essential)): StaticMem=0B, VRAM=241.6MB, Objects=8,485, Resources=466, Nodes=1,566, CachedAssets=10
[INFO] AtlasManager: Loaded epoch_atlas with 57 sprites
[INFO] AtlasManager: Loaded relic_atlas with 341 sprites
[INFO] AtlasManager: Loaded relic_outline_atlas with 341 sprites
[INFO] AtlasManager: Loaded power_atlas with 266 sprites
[INFO] AtlasManager: Loaded card_atlas with 864 sprites
[INFO] AtlasManager: Loaded potion_atlas with 63 sprites
[INFO] AtlasManager: Loaded potion_outline_atlas with 63 sprites
[INFO] AtlasManager: Loaded stats_screen_atlas with 16 sprites
[INFO] AtlasManager: Loaded intent_atlas with 310 sprites
[INFO] AtlasManager: Loaded era_atlas with 27 sprites
[INFO] Unloading 3 missed cache assets
[INFO] Preloading 'Common' assets... count=683 vfx=86
[INFO] [Startup] Resource stats (main menu loaded (complete)): StaticMem=0B, VRAM=509.4MB, Objects=8,396, Resources=463, Nodes=1,564, CachedAssets=5
[INFO] Preloading 'Common' Complete: assets=769 time_elapsed=2,214ms
[WARN] Asset not cached: res://scenes/screens/singleplayer_submenu.tscn
[INFO] Max ascension changed to 0
[INFO] Max ascension changed to 0
[INFO] [StartRunLobby (1)] CHARACTER.NECROBINDER has not revealed the Ascension Epoch, disabling Ascension.
[INFO] [StartRunLobby (1)] Local player 1 is ready
[INFO] Embarking on a singleplayer NECROBINDER run. Ascension: 0 Seed: 7D3MYNJ07J
[INFO] Preloading 'characters=NECROBINDER' assets... count=10 vfx=7
[INFO] Preloading 'characters=NECROBINDER' Complete: assets=17 time_elapsed=196ms
[INFO] Preloading 'Act=OVERGROWTH' assets... count=8 vfx=0
[INFO] Preloading 'Act=OVERGROWTH' Complete: assets=8 time_elapsed=28ms
[INFO] Preloading 'Act=OVERGROWTH' assets... count=0 vfx=0
[INFO] Preloading 'Act=OVERGROWTH' Complete: assets=0 time_elapsed=8ms
[INFO] Wrote 44132 bytes to path=user://steam/76561199150770555/profile1\saves\progress.save save_dir=user://steam/76561199150770555
[INFO] Wrote 44132 bytes to profile1/saves/progress.save in steam remote store
[INFO] Wrote 40710 bytes to path=user://steam/76561199150770555/profile1\saves\current_run.save save_dir=user://steam/76561199150770555
[INFO] Wrote 40710 bytes to profile1/saves/current_run.save in steam remote store
[INFO] Preloading 'Event Room' assets... count=2 vfx=0
[INFO] Preloading 'Event Room' Complete: assets=2 time_elapsed=195ms
[WARN] Asset not cached: res://scenes/vfx/vfx_cross_heal_fullscreen.tscn
[WARN] Asset not cached: res://scenes/events/ancient_dialogue_line.tscn
[WARN] Asset not cached: res://images/ui/top_panel/character_icon_necrobinder_outline.png
[WARN] Asset not cached: res://scenes/ui/card_hover_tip.tscn
[INFO] Wrote 44180 bytes to path=user://steam/76561199150770555/profile1\saves\progress.save save_dir=user://steam/76561199150770555
[INFO] Wrote 44180 bytes to profile1/saves/progress.save in steam remote store
[INFO] Wrote 42968 bytes to path=user://steam/76561199150770555/profile1\saves\current_run.save save_dir=user://steam/76561199150770555
[INFO] Wrote 42968 bytes to profile1/saves/current_run.save in steam remote store
[INFO] Player vote changed for 1: ->MapVote (gen: 1 coord: (5, 1))
[INFO] Wrote 44180 bytes to path=user://steam/76561199150770555/profile1\saves\progress.save save_dir=user://steam/76561199150770555
[INFO] Wrote 44180 bytes to profile1/saves/progress.save in steam remote store
[INFO] Wrote 43027 bytes to path=user://steam/76561199150770555/profile1\saves\current_run.save save_dir=user://steam/76561199150770555
[INFO] Wrote 43027 bytes to profile1/saves/current_run.save in steam remote store
[INFO] Preloading 'Combat Room' assets... count=10 vfx=0
[INFO] Preloading 'Combat Room' Complete: assets=10 time_elapsed=56ms
[INFO] Creating NCombatRoom with mode=ActiveCombat encounter=NIBBITS_WEAK.
[WARN] Asset not cached: res://images/powers/die_for_you_power.png
[INFO] Player 1 playing card BODYGUARD (no target)
[INFO] Player 1 playing card UNLEASH (targeting Kỳ Nhông (index 2))
[INFO] Player 1 playing card STRIKE_NECROBINDER (targeting Kỳ Nhông (index 2))
[INFO] Monster NIBBIT performing move BUTT_MOVE
[INFO] Player 1 playing card DEFEND_NECROBINDER (no target)
[INFO] Player 1 playing card DEFEND_NECROBINDER (no target)
[INFO] Player 1 playing card STRIKE_NECROBINDER (targeting Kỳ Nhông (index 2))
[INFO] Monster NIBBIT performing move SLICE_MOVE
[INFO] Player 1 playing card STRIKE_NECROBINDER (targeting Kỳ Nhông (index 2))
[INFO] Player 1 playing card STRIKE_NECROBINDER (targeting Kỳ Nhông (index 2))
[INFO] Player 1 playing card STRIKE_NECROBINDER (targeting Kỳ Nhông (index 2))
[INFO] Monster NIBBIT performing move HISS_MOVE
[WARN] Asset not cached: res://scenes/vfx/ui/vfx_buff_applied.tscn
[WARN] Asset not cached: res://images/powers/strength_power.png
[INFO] Player 1 playing card UNLEASH (targeting Kỳ Nhông (index 2))
[WARN] Warning: Packet writer is growing from 1024 bytes to 2048 bytes!
[WARN] Warning: Packet writer is growing from 2048 bytes to 4096 bytes!
[INFO] Wrote 44157 bytes to path=user://steam/76561199150770555/profile1\saves\current_run.save save_dir=user://steam/76561199150770555
[INFO] Wrote 44157 bytes to profile1/saves/current_run.save in steam remote store
[INFO] CHARACTER.NECROBINDER fought ENCOUNTER.NIBBITS_WEAK for the first time and WON >:)
[INFO] CHARACTER.NECROBINDER fought MONSTER.NIBBIT for the first time and WON >:(
[INFO] Wrote 44522 bytes to path=user://steam/76561199150770555/profile1\saves\progress.save save_dir=user://steam/76561199150770555
[INFO] Wrote 44522 bytes to profile1/saves/progress.save in steam remote store
[INFO] Card rarity: Rolled 0.5955657, need < -0.020000001 for rare (offset = -0.05)
[INFO] Card rarity: Rolled 0.7091303, need < -0.01 for rare (offset = -0.04)
[INFO] Card rarity: Rolled 0.7175692, need < 0 for rare (offset = -0.03)
[INFO] Obtained 20 gold from reward
[INFO] Card reward selected
[INFO] Obtained CARD.REAVE from card reward
[INFO] Player vote changed for 1: ->MapVote (gen: 1 coord: (5, 2))
[INFO] Wrote 44604 bytes to path=user://steam/76561199150770555/profile1\saves\progress.save save_dir=user://steam/76561199150770555
[INFO] Wrote 44604 bytes to profile1/saves/progress.save in steam remote store
[INFO] Wrote 44834 bytes to path=user://steam/76561199150770555/profile1\saves\current_run.save save_dir=user://steam/76561199150770555
[INFO] Wrote 44834 bytes to profile1/saves/current_run.save in steam remote store
[INFO] Preloading 'Combat Room' assets... count=5 vfx=0
[INFO] Preloading 'Combat Room' Complete: assets=5 time_elapsed=56ms
[INFO] Creating NCombatRoom with mode=ActiveCombat encounter=SHRINKER_BEETLE_WEAK.
[INFO] Player 1 playing card UNLEASH (targeting Bọ Hung Nhỏ Nhắn (index 2))
[INFO] Player 1 playing card STRIKE_NECROBINDER (targeting Bọ Hung Nhỏ Nhắn (index 2))
[INFO] Player 1 playing card DEFEND_NECROBINDER (no target)
[INFO] Monster SHRINKER_BEETLE performing move SHRINKER_MOVE
[WARN] Asset not cached: res://images/powers/shrink_power.png
[INFO] Player 1 playing card DEFEND_NECROBINDER (no target)
[INFO] Player 1 playing card NEOWS_FURY (targeting Bọ Hung Nhỏ Nhắn (index 2))
[INFO] Player 1 playing card DEFEND_NECROBINDER (no target)
[INFO] Monster SHRINKER_BEETLE performing move CHOMP_MOVE
[INFO] Player 1 playing card BODYGUARD (no target)
[INFO] Player 1 playing card REAVE (targeting Bọ Hung Nhỏ Nhắn (index 2))
[INFO] Player 1 playing card UNLEASH (targeting Bọ Hung Nhỏ Nhắn (index 2))
[INFO] Wrote 45826 bytes to path=user://steam/76561199150770555/profile1\saves\current_run.save save_dir=user://steam/76561199150770555
[INFO] Wrote 45826 bytes to profile1/saves/current_run.save in steam remote store
[INFO] CHARACTER.NECROBINDER fought ENCOUNTER.SHRINKER_BEETLE_WEAK for the first time and WON >:)
[INFO] CHARACTER.NECROBINDER fought MONSTER.SHRINKER_BEETLE for the first time and WON >:(
[INFO] Wrote 44838 bytes to path=user://steam/76561199150770555/profile1\saves\progress.save save_dir=user://steam/76561199150770555
[INFO] Wrote 44838 bytes to profile1/saves/progress.save in steam remote store
[INFO] Card rarity: Rolled 0.031063259, need < 0.01 for rare (offset = -0.02)
[INFO] Card rarity: Rolled 0.2611291, need < 0.02 for rare (offset = -0.01)
[INFO] Card rarity: Rolled 0.41323268, need < 0.03 for rare (offset = 0)
[INFO] Obtained 11 gold from reward
[INFO] Card reward selected
[INFO] Obtained CARD.SPUR from card reward
[INFO] Player vote changed for 1: ->MapVote (gen: 1 coord: (4, 3))
[INFO] Wrote 44904 bytes to path=user://steam/76561199150770555/profile1\saves\progress.save save_dir=user://steam/76561199150770555
[INFO] Wrote 44904 bytes to profile1/saves/progress.save in steam remote store
[INFO] Wrote 46493 bytes to path=user://steam/76561199150770555/profile1\saves\current_run.save save_dir=user://steam/76561199150770555
[INFO] Wrote 46493 bytes to profile1/saves/current_run.save in steam remote store
[INFO] Preloading 'Combat Room' assets... count=6 vfx=0
[INFO] Preloading 'Combat Room' Complete: assets=6 time_elapsed=61ms
[INFO] Creating NCombatRoom with mode=ActiveCombat encounter=FUZZY_WURM_CRAWLER_WEAK.
[INFO] Player 1 playing card DEFEND_NECROBINDER (no target)
[INFO] Player 1 playing card BODYGUARD (no target)
[INFO] Player 1 playing card STRIKE_NECROBINDER (targeting Sâu Lông (index 2))
[INFO] Monster FUZZY_WURM_CRAWLER performing move FIRST_ACID_GOOP
[INFO] Player 1 playing card SPUR (no target)
[INFO] Player 1 playing card REAVE (targeting Sâu Lông (index 2))
[INFO] Player 1 playing card STRIKE_NECROBINDER (targeting Sâu Lông (index 2))
[INFO] Monster FUZZY_WURM_CRAWLER performing move INHALE
[INFO] Player 1 playing card UNLEASH (targeting Sâu Lông (index 2))
[INFO] Player 1 playing card SOUL (no target)
[INFO] Player 1 playing card DEFEND_NECROBINDER (no target)
[INFO] Player 1 playing card DEFEND_NECROBINDER (no target)
[INFO] Monster FUZZY_WURM_CRAWLER performing move ACID_GOOP
[INFO] Player 1 playing card BODYGUARD (no target)
[INFO] Player 1 playing card REAVE (targeting Sâu Lông (index 2))
[INFO] Player 1 playing card STRIKE_NECROBINDER (targeting Sâu Lông (index 2))
[INFO] Monster FUZZY_WURM_CRAWLER performing move FIRST_ACID_GOOP
[INFO] Player 1 playing card STRIKE_NECROBINDER (targeting Sâu Lông (index 2))
[INFO] Wrote 47494 bytes to path=user://steam/76561199150770555/profile1\saves\current_run.save save_dir=user://steam/76561199150770555
[INFO] Wrote 47494 bytes to profile1/saves/current_run.save in steam remote store
[INFO] CHARACTER.NECROBINDER fought ENCOUNTER.FUZZY_WURM_CRAWLER_WEAK for the first time and WON >:)
[INFO] CHARACTER.NECROBINDER fought MONSTER.FUZZY_WURM_CRAWLER for the first time and WON >:(
[INFO] Wrote 45138 bytes to path=user://steam/76561199150770555/profile1\saves\progress.save save_dir=user://steam/76561199150770555
[INFO] Wrote 45138 bytes to profile1/saves/progress.save in steam remote store
[INFO] Card rarity: Rolled 0.8279915, need < 0.04 for rare (offset = 0.01)
[INFO] Card rarity: Rolled 0.4316153, need < 0.049999997 for rare (offset = 0.02)
[INFO] Card rarity: Rolled 0.7065116, need < 0.06 for rare (offset = 0.03)
[INFO] Obtained 11 gold from reward
[INFO] Obtained POTION.VULNERABLE_POTION from potion reward
[INFO] Card reward selected
[INFO] Obtained CARD.SOW from card reward
[INFO] Player vote changed for 1: ->MapVote (gen: 1 coord: (4, 4))
[INFO] Wrote 45173 bytes to path=user://steam/76561199150770555/profile1\saves\progress.save save_dir=user://steam/76561199150770555
[INFO] Wrote 45173 bytes to profile1/saves/progress.save in steam remote store
[INFO] Wrote 48408 bytes to path=user://steam/76561199150770555/profile1\saves\current_run.save save_dir=user://steam/76561199150770555
[INFO] Wrote 48408 bytes to profile1/saves/current_run.save in steam remote store
[INFO] Preloading 'Event Room' assets... count=2 vfx=0
[INFO] Preloading 'Event Room' Complete: assets=2 time_elapsed=28ms
[INFO] Player vote changed for 1: ->MapVote (gen: 1 coord: (4, 5))
[INFO] Wrote 45173 bytes to path=user://steam/76561199150770555/profile1\saves\progress.save save_dir=user://steam/76561199150770555
[INFO] Wrote 45173 bytes to profile1/saves/progress.save in steam remote store
[INFO] Wrote 50368 bytes to path=user://steam/76561199150770555/profile1\saves\current_run.save save_dir=user://steam/76561199150770555
[INFO] Wrote 50368 bytes to profile1/saves/current_run.save in steam remote store
[INFO] Card rarity: Rolled 0.6033605, need < 0.13 for rare (offset = 0.04)
[INFO] Card rarity: Rolled 0.2487142, need < 0.13 for rare (offset = 0.04)
[INFO] Card rarity: Rolled 0.19385196, need < 0.13 for rare (offset = 0.04)
[INFO] Card rarity: Rolled 0.1910397, need < 0.13 for rare (offset = 0.04)
[INFO] Card rarity: Rolled 0.93803215, need < 0.13 for rare (offset = 0.04)
[INFO] Preloading 'Merchant Room' assets... count=1 vfx=0
[INFO] Preloading 'Merchant Room' Complete: assets=1 time_elapsed=83ms
[WARN] Asset not cached: res://images/packed/sprite_fonts/necrobinder_energy_icon.png
[WARN] Asset not cached: res://images/atlases/ui_atlas.sprites/card/energy_necrobinder.tres
[INFO] Player vote changed for 1: ->MapVote (gen: 1 coord: (3, 6))
[INFO] Wrote 45385 bytes to path=user://steam/76561199150770555/profile1\saves\progress.save save_dir=user://steam/76561199150770555
[INFO] Wrote 45385 bytes to profile1/saves/progress.save in steam remote store
[INFO] Wrote 53057 bytes to path=user://steam/76561199150770555/profile1\saves\current_run.save save_dir=user://steam/76561199150770555
[INFO] Wrote 53057 bytes to profile1/saves/current_run.save in steam remote store
[INFO] Preloading 'Combat Room' assets... count=11 vfx=0
[INFO] Preloading 'Combat Room' Complete: assets=11 time_elapsed=61ms
[INFO] Creating NCombatRoom with mode=ActiveCombat encounter=FLYCONID_NORMAL.
[INFO] Player 1 playing card MELANCHOLY (no target)
[INFO] Monster TWIG_SLIME_M performing move STICKY_SHOT_MOVE
[INFO] Monster FLYCONID performing move SMASH_MOVE
[INFO] Player 1 playing card SOW (no target)
[INFO] Player 1 playing card NEOWS_FURY (targeting Slime (Vừa) (index 2))
[INFO] Player 1 playing card REAVE (targeting Slime (Vừa) (index 2))
[INFO] Monster FLYCONID performing move FRAIL_SPORES_MOVE
[WARN] Asset not cached: res://scenes/vfx/ui/vfx_debuff_applied.tscn
[WARN] Asset not cached: res://images/powers/frail_power.png
[INFO] Player 1 playing card SPUR (no target)
[INFO] Player 1 playing card BODYGUARD (no target)
[INFO] Monster FLYCONID performing move VULNERABLE_SPORES_MOVE
[WARN] Asset not cached: res://images/powers/vulnerable_power.png
[INFO] Player 1 playing card SOUL (no target)
[INFO] Player 1 playing card UNLEASH (targeting Nấm Bay (index 2))
[INFO] Player 1 playing card SOW (no target)
[INFO] Player 1 playing card DEFEND_NECROBINDER (no target)
[INFO] Monster FLYCONID performing move SMASH_MOVE
[INFO] Player 1 playing card HIGH_FIVE (no target)
[INFO] Player 1 playing card STRIKE_NECROBINDER (targeting Nấm Bay (index 2))
[INFO] Wrote 54072 bytes to path=user://steam/76561199150770555/profile1\saves\current_run.save save_dir=user://steam/76561199150770555
[INFO] Wrote 54072 bytes to profile1/saves/current_run.save in steam remote store
[INFO] CHARACTER.NECROBINDER fought ENCOUNTER.FLYCONID_NORMAL for the first time and WON >:)
[INFO] CHARACTER.NECROBINDER fought MONSTER.TWIG_SLIME_M for the first time and WON >:(
[INFO] CHARACTER.NECROBINDER fought MONSTER.FLYCONID for the first time and WON >:(
[INFO] Wrote 45835 bytes to path=user://steam/76561199150770555/profile1\saves\progress.save save_dir=user://steam/76561199150770555
[INFO] Wrote 45835 bytes to profile1/saves/progress.save in steam remote store
[INFO] Card rarity: Rolled 0.9781402, need < 0.07 for rare (offset = 0.04)
[INFO] Card rarity: Rolled 0.6288278, need < 0.08 for rare (offset = 0.049999997)
[INFO] Card rarity: Rolled 0.24675505, need < 0.089999996 for rare (offset = 0.059999995)
[INFO] Obtained 11 gold from reward
[INFO] Obtained POTION.SKILL_POTION from potion reward
[INFO] Card reward selected
[INFO] Obtained CARD.GRAVE_WARDEN from card reward
[INFO] Player vote changed for 1: ->MapVote (gen: 1 coord: (3, 7))
[INFO] Wrote 45909 bytes to path=user://steam/76561199150770555/profile1\saves\progress.save save_dir=user://steam/76561199150770555
[INFO] Wrote 45909 bytes to profile1/saves/progress.save in steam remote store
[INFO] Wrote 54999 bytes to path=user://steam/76561199150770555/profile1\saves\current_run.save save_dir=user://steam/76561199150770555
[INFO] Wrote 54999 bytes to profile1/saves/current_run.save in steam remote store
[INFO] Set enabled
[INFO] Preloading 'RestSite Room' assets... count=3 vfx=2
[INFO] Preloading 'RestSite Room' Complete: assets=5 time_elapsed=111ms
[INFO] Player vote changed for 1: ->MapVote (gen: 1 coord: (3, 8))
[INFO] Wrote 45909 bytes to path=user://steam/76561199150770555/profile1\saves\progress.save save_dir=user://steam/76561199150770555
[INFO] Wrote 45909 bytes to profile1/saves/progress.save in steam remote store
[INFO] Wrote 55737 bytes to path=user://steam/76561199150770555/profile1\saves\current_run.save save_dir=user://steam/76561199150770555
[INFO] Wrote 55737 bytes to profile1/saves/current_run.save in steam remote store
[INFO] Preloading 'Combat Room' assets... count=11 vfx=0
[INFO] Preloading 'Combat Room' Complete: assets=11 time_elapsed=65ms
[INFO] Creating NCombatRoom with mode=ActiveCombat encounter=OVERGROWTH_CRAWLERS.
[INFO] Player 1 playing card GRAVE_WARDEN (no target)
[INFO] Player 1 playing card NEOWS_FURY (targeting Bọ Hung Nhỏ Nhắn (index 2))
[INFO] Player 1 playing card BODYGUARD (no target)
[INFO] Monster SHRINKER_BEETLE performing move SHRINKER_MOVE
[INFO] Monster FUZZY_WURM_CRAWLER performing move FIRST_ACID_GOOP
[INFO] Player 1 playing card DEFEND_NECROBINDER (no target)
[INFO] Player 1 playing card DEFEND_NECROBINDER (no target)
[INFO] Player 1 playing card SPUR (no target)
[INFO] Monster SHRINKER_BEETLE performing move CHOMP_MOVE
[INFO] Monster FUZZY_WURM_CRAWLER performing move INHALE
[INFO] Player 1 playing card UNLEASH (targeting Bọ Hung Nhỏ Nhắn (index 2))
[INFO] Player 1 playing card DEFEND_NECROBINDER (no target)
[INFO] Player 1 playing card SOW (no target)
[INFO] Monster SHRINKER_BEETLE performing move STOMP_MOVE
[INFO] Monster FUZZY_WURM_CRAWLER performing move ACID_GOOP
[INFO] Player 1 playing card UNLEASH (targeting Bọ Hung Nhỏ Nhắn (index 2))
[INFO] Player 1 playing card REAVE (targeting Sâu Lông (index 2))
[INFO] Player 1 playing card SOUL (no target)
[INFO] Player 1 playing card DEFEND_NECROBINDER (no target)
[INFO] Monster FUZZY_WURM_CRAWLER performing move FIRST_ACID_GOOP
[INFO] Player 1 playing card SPUR (no target)
[INFO] Player 1 playing card SOW (no target)
[INFO] Player 1 playing card STRIKE_NECROBINDER (targeting Sâu Lông (index 2))
[INFO] Monster FUZZY_WURM_CRAWLER performing move INHALE
[INFO] Player 1 playing card MELANCHOLY (no target)
[INFO] Player 1 playing card BODYGUARD (no target)
[INFO] Player 1 playing card GRAVE_WARDEN (no target)
[INFO] Player 1 playing card STRIKE_NECROBINDER (targeting Sâu Lông (index 2))
[INFO] Monster FUZZY_WURM_CRAWLER performing move ACID_GOOP
[INFO] Player 1 playing card GRAVE_WARDEN (no target)
[INFO] Player 1 playing card SOUL (no target)
[INFO] Player 1 playing card SOUL (no target)
[INFO] Player 1 playing card DEFEND_NECROBINDER (no target)
[INFO] Player 1 playing card DEFEND_NECROBINDER (no target)
[INFO] Monster FUZZY_WURM_CRAWLER performing move FIRST_ACID_GOOP
[INFO] Player 1 playing card UNLEASH (targeting Sâu Lông (index 2))
[INFO] Player 1 playing card STRIKE_NECROBINDER (targeting Sâu Lông (index 2))
[INFO] Wrote 56774 bytes to path=user://steam/76561199150770555/profile1\saves\current_run.save save_dir=user://steam/76561199150770555
[INFO] Wrote 56774 bytes to profile1/saves/current_run.save in steam remote store
[INFO] CHARACTER.NECROBINDER fought ENCOUNTER.OVERGROWTH_CRAWLERS for the first time and WON >:)
[INFO] CHARACTER.NECROBINDER has killed a MONSTER.SHRINKER_BEETLE. That's 2 kills
[INFO] CHARACTER.NECROBINDER has killed a MONSTER.FUZZY_WURM_CRAWLER. That's 2 kills
[INFO] Wrote 46129 bytes to path=user://steam/76561199150770555/profile1\saves\progress.save save_dir=user://steam/76561199150770555
[INFO] Wrote 46129 bytes to profile1/saves/progress.save in steam remote store
[INFO] Card rarity: Rolled 0.082479104, need < 0.099999994 for rare (offset = 0.06999999)
[INFO] Card rarity: Rolled 0.46470568, need < -0.020000001 for rare (offset = -0.05)
[INFO] Card rarity: Rolled 0.73767185, need < -0.01 for rare (offset = -0.04)
[INFO] Player vote changed for 1: ->MapVote (gen: 1 coord: (3, 9))
[INFO] Wrote 46129 bytes to path=user://steam/76561199150770555/profile1\saves\progress.save save_dir=user://steam/76561199150770555
[INFO] Wrote 46129 bytes to profile1/saves/progress.save in steam remote store
[INFO] Wrote 57109 bytes to path=user://steam/76561199150770555/profile1\saves\current_run.save save_dir=user://steam/76561199150770555
[INFO] Wrote 57109 bytes to profile1/saves/current_run.save in steam remote store
[INFO] Preloading 'Treasure Room' assets... count=2 vfx=0
[INFO] Preloading 'Treasure Room' Complete: assets=2 time_elapsed=47ms
[INFO] Player vote changed for 1: ->MapVote (gen: 1 coord: (4, 10))
[INFO] Wrote 46154 bytes to path=user://steam/76561199150770555/profile1\saves\progress.save save_dir=user://steam/76561199150770555
[INFO] Wrote 46154 bytes to profile1/saves/progress.save in steam remote store
[INFO] Wrote 57972 bytes to path=user://steam/76561199150770555/profile1\saves\current_run.save save_dir=user://steam/76561199150770555
[INFO] Wrote 57972 bytes to profile1/saves/current_run.save in steam remote store
[INFO] Preloading 'Combat Room' assets... count=8 vfx=0
[INFO] Preloading 'Combat Room' Complete: assets=8 time_elapsed=49ms
[INFO] Creating NCombatRoom with mode=ActiveCombat encounter=INKLETS_NORMAL.
[WARN] Asset not cached: res://materials/vfx/hsv.tres
[WARN] Asset not cached: res://images/powers/slippery_power.png
[INFO] Player 1 playing card REAVE (targeting Mực Nhỏ (index 2))
[INFO] Player 1 playing card SOW (no target)
[INFO] Player 1 playing card UNLEASH (targeting Mực Nhỏ (index 2))
[INFO] Monster INKLET performing move JAB_MOVE
[INFO] Monster INKLET performing move WHIRLWIND_MOVE
[INFO] Monster INKLET performing move JAB_MOVE
[INFO] Player 1 playing card DEFEND_NECROBINDER (no target)
[INFO] Player 1 playing card DEFEND_NECROBINDER (no target)
[INFO] Player 1 playing card NEOWS_FURY (targeting Mực Nhỏ (index 2))
[INFO] Monster INKLET performing move JAB_MOVE
[INFO] Monster INKLET performing move WHIRLWIND_MOVE
[INFO] Player 1 playing card SOW (no target)
[INFO] Player 1 playing card HIGH_FIVE (no target)
[INFO] Wrote 59011 bytes to path=user://steam/76561199150770555/profile1\saves\current_run.save save_dir=user://steam/76561199150770555
[INFO] Wrote 59011 bytes to profile1/saves/current_run.save in steam remote store
[INFO] CHARACTER.NECROBINDER fought ENCOUNTER.INKLETS_NORMAL for the first time and WON >:)
[INFO] CHARACTER.NECROBINDER fought MONSTER.INKLET for the first time and WON >:(
[INFO] CHARACTER.NECROBINDER has killed a MONSTER.INKLET. That's 2 kills
[INFO] CHARACTER.NECROBINDER has killed a MONSTER.INKLET. That's 3 kills
[INFO] Wrote 46388 bytes to path=user://steam/76561199150770555/profile1\saves\progress.save save_dir=user://steam/76561199150770555
[INFO] Wrote 46388 bytes to profile1/saves/progress.save in steam remote store
[INFO] Card rarity: Rolled 0.93925935, need < 0 for rare (offset = -0.03)
[INFO] Card rarity: Rolled 0.93955684, need < 0.01 for rare (offset = -0.02)
[INFO] Card rarity: Rolled 0.06384411, need < 0.02 for rare (offset = -0.01)
[INFO] Obtained 10 gold from reward
[INFO] Card reward selected
[INFO] Obtained CARD.PULL_AGGRO from card reward
[INFO] Player vote changed for 1: ->MapVote (gen: 1 coord: (4, 11))
[INFO] Wrote 46461 bytes to path=user://steam/76561199150770555/profile1\saves\progress.save save_dir=user://steam/76561199150770555
[INFO] Wrote 46461 bytes to profile1/saves/progress.save in steam remote store
[INFO] Wrote 59711 bytes to path=user://steam/76561199150770555/profile1\saves\current_run.save save_dir=user://steam/76561199150770555
[INFO] Wrote 59711 bytes to profile1/saves/current_run.save in steam remote store
[INFO] Preloading 'Combat Room' assets... count=5 vfx=0
[INFO] Preloading 'Combat Room' Complete: assets=5 time_elapsed=44ms
[INFO] Creating NCombatRoom with mode=ActiveCombat encounter=VINE_SHAMBLER_NORMAL.
[INFO] Player 1 using potion VULNERABLE_POTION (targeting Quái Vật Dây Leo (index 2))
[WARN] Asset not cached: res://materials/vfx/potion/potion_liquid_overlay.tres
[INFO] Player 1 using potion SKILL_POTION (targeting Necrobinder (index 0))
[INFO] Player 1 chose cards [DEATHBRINGER]
[INFO] Player 1 playing card DEATHBRINGER (no target)
[WARN] Asset not cached: res://images/powers/doom_power.png
[WARN] Asset not cached: res://images/powers/weak_power.png
[INFO] Player 1 playing card REAVE (targeting Quái Vật Dây Leo (index 2))
[INFO] Player 1 playing card BODYGUARD (no target)
[INFO] Player 1 playing card UNLEASH (targeting Quái Vật Dây Leo (index 2))
[INFO] Monster VINE_SHAMBLER performing move SWIPE_MOVE
[INFO] Player 1 playing card NEOWS_FURY (targeting Quái Vật Dây Leo (index 2))
[INFO] Player 1 playing card SOW (no target)
[INFO] Player 1 playing card UNLEASH (targeting Quái Vật Dây Leo (index 2))
[INFO] Wrote 60667 bytes to path=user://steam/76561199150770555/profile1\saves\current_run.save save_dir=user://steam/76561199150770555
[INFO] Wrote 60667 bytes to profile1/saves/current_run.save in steam remote store
[INFO] CHARACTER.NECROBINDER fought ENCOUNTER.VINE_SHAMBLER_NORMAL for the first time and WON >:)
[INFO] CHARACTER.NECROBINDER fought MONSTER.VINE_SHAMBLER for the first time and WON >:(
[INFO] Wrote 46935 bytes to path=user://steam/76561199150770555/profile1\saves\progress.save save_dir=user://steam/76561199150770555
[INFO] Wrote 46935 bytes to profile1/saves/progress.save in steam remote store
[INFO] Card rarity: Rolled 0.90497804, need < 0.03 for rare (offset = 0)
[INFO] Card rarity: Rolled 0.31070128, need < 0.04 for rare (offset = 0.01)
[INFO] Card rarity: Rolled 0.5053756, need < 0.049999997 for rare (offset = 0.02)
[INFO] Obtained 18 gold from reward
[INFO] Obtained POTION.ATTACK_POTION from potion reward
[INFO] Card reward selected
[INFO] Obtained CARD.DEBILITATE from card reward
[INFO] Player vote changed for 1: ->MapVote (gen: 1 coord: (3, 12))
[INFO] Wrote 46977 bytes to path=user://steam/76561199150770555/profile1\saves\progress.save save_dir=user://steam/76561199150770555
[INFO] Wrote 46977 bytes to profile1/saves/progress.save in steam remote store
[INFO] Wrote 61689 bytes to path=user://steam/76561199150770555/profile1\saves\current_run.save save_dir=user://steam/76561199150770555
[INFO] Wrote 61689 bytes to profile1/saves/current_run.save in steam remote store
[INFO] Preloading 'Combat Room' assets... count=8 vfx=0
ERROR: Failed to set animation mix false->false. Animation false does not exist in skeleton.
   at: SpineSkeletonDataResource::update_mixes (spine_godot\SpineSkeletonDataResource.cpp:515)
ERROR: Failed to set animation mix false->true. Animation false does not exist in skeleton.
   at: SpineSkeletonDataResource::update_mixes (spine_godot\SpineSkeletonDataResource.cpp:515)
[INFO] Preloading 'Combat Room' Complete: assets=8 time_elapsed=46ms
[INFO] Creating NCombatRoom with mode=ActiveCombat encounter=SLITHERING_STRANGLER_NORMAL.
[INFO] Player 1 using potion ATTACK_POTION (targeting Necrobinder (index 0))
[INFO] Player 1 chose cards [RIGHT_HAND_HAND]
[INFO] Player 1 playing card RIGHT_HAND_HAND (targeting Quả Gai Bẫy Gập (index 2))
[INFO] Player 1 playing card DEFEND_NECROBINDER (no target)
[INFO] Player 1 playing card DEBILITATE (targeting Quả Gai Bẫy Gập (index 2))
[WARN] Asset not cached: res://images/powers/debilitate_power.png
[INFO] Player 1 playing card STRIKE_NECROBINDER (targeting Quả Gai Bẫy Gập (index 2))
[INFO] Monster SNAPPING_JAXFRUIT performing move ENERGY_ORB_MOVE
[INFO] Monster SLITHERING_STRANGLER performing move CONSTRICT
[WARN] Asset not cached: res://images/powers/constrict_power.png
[INFO] Player 1 playing card DEFEND_NECROBINDER (no target)
[INFO] Player 1 playing card GRAVE_WARDEN (no target)
[INFO] Player 1 playing card UNLEASH (targeting Quả Gai Bẫy Gập (index 2))
[INFO] Monster SNAPPING_JAXFRUIT performing move ENERGY_ORB_MOVE
[INFO] Monster SLITHERING_STRANGLER performing move TWACK
[INFO] Player 1 playing card STRIKE_NECROBINDER (targeting Quả Gai Bẫy Gập (index 2))
cannot find sfx path: event:/sfx/enemy/enemy_attacks/snapping_jaxfruit/snapping_jaxfruit_die
[INFO] Player 1 playing card BODYGUARD (no target)
[INFO] Player 1 playing card DEFEND_NECROBINDER (no target)
[INFO] Monster SLITHERING_STRANGLER performing move CONSTRICT
[INFO] Player 1 playing card PULL_AGGRO (no target)
[INFO] Player 1 playing card RIGHT_HAND_HAND (targeting Sinh Vật Trườn Bò (index 2))
[INFO] Player 1 playing card SOW (no target)
[INFO] Player 1 playing card SOUL (no target)
[INFO] Monster SLITHERING_STRANGLER performing move TWACK
[INFO] Player 1 playing card DEBILITATE (targeting Sinh Vật Trườn Bò (index 2))
[INFO] Player 1 playing card SPUR (no target)
[INFO] Player 1 playing card NEOWS_FURY (targeting Sinh Vật Trườn Bò (index 2))
[INFO] Monster SLITHERING_STRANGLER performing move CONSTRICT
[INFO] Player 1 playing card GRAVE_WARDEN (no target)
[INFO] Player 1 playing card REAVE (targeting Sinh Vật Trườn Bò (index 2))
[INFO] Player 1 playing card STRIKE_NECROBINDER (targeting Sinh Vật Trườn Bò (index 2))
[INFO] Monster SLITHERING_STRANGLER performing move TWACK
[INFO] Player 1 playing card HIGH_FIVE (no target)
[INFO] Player 1 playing card SOW (no target)
[WARN] Warning: Packet writer is growing from 4096 bytes to 8192 bytes!
[INFO] Wrote 62797 bytes to path=user://steam/76561199150770555/profile1\saves\current_run.save save_dir=user://steam/76561199150770555
[INFO] Wrote 62797 bytes to profile1/saves/current_run.save in steam remote store
[INFO] CHARACTER.NECROBINDER fought ENCOUNTER.SLITHERING_STRANGLER_NORMAL for the first time and WON >:)
[INFO] CHARACTER.NECROBINDER fought MONSTER.SNAPPING_JAXFRUIT for the first time and WON >:(
[INFO] CHARACTER.NECROBINDER fought MONSTER.SLITHERING_STRANGLER for the first time and WON >:(
[INFO] Wrote 47404 bytes to path=user://steam/76561199150770555/profile1\saves\progress.save save_dir=user://steam/76561199150770555
[INFO] Wrote 47404 bytes to profile1/saves/progress.save in steam remote store
[INFO] Card rarity: Rolled 0.913402, need < 0.06 for rare (offset = 0.03)
[INFO] Card rarity: Rolled 0.9316657, need < 0.07 for rare (offset = 0.04)
[INFO] Card rarity: Rolled 0.17616351, need < 0.08 for rare (offset = 0.049999997)
[INFO] Obtained 13 gold from reward
[INFO] Card reward selected
[INFO] Obtained CARD.REAVE from card reward
[INFO] Player vote changed for 1: ->MapVote (gen: 1 coord: (2, 13))
[INFO] Wrote 47404 bytes to path=user://steam/76561199150770555/profile1\saves\progress.save save_dir=user://steam/76561199150770555
[INFO] Wrote 47404 bytes to profile1/saves/progress.save in steam remote store
[INFO] Wrote 63385 bytes to path=user://steam/76561199150770555/profile1\saves\current_run.save save_dir=user://steam/76561199150770555
[INFO] Wrote 63385 bytes to profile1/saves/current_run.save in steam remote store
[INFO] Preloading 'Event Room' assets... count=2 vfx=1
[INFO] Preloading 'Event Room' Complete: assets=3 time_elapsed=49ms
[INFO] Player vote changed for 1: ->MapVote (gen: 1 coord: (1, 14))
[INFO] Wrote 47404 bytes to path=user://steam/76561199150770555/profile1\saves\progress.save save_dir=user://steam/76561199150770555
[INFO] Wrote 47404 bytes to profile1/saves/progress.save in steam remote store
[INFO] Wrote 64404 bytes to path=user://steam/76561199150770555/profile1\saves\current_run.save save_dir=user://steam/76561199150770555
[INFO] Wrote 64404 bytes to profile1/saves/current_run.save in steam remote store
[INFO] Preloading 'Combat Room' assets... count=12 vfx=0
[INFO] Preloading 'Combat Room' Complete: assets=12 time_elapsed=58ms
[INFO] Creating NCombatRoom with mode=ActiveCombat encounter=SLIMES_NORMAL.
[INFO] Player 1 playing card SPUR (no target)
[INFO] Player 1 playing card REAVE (targeting Slime (Nhỏ) (index 5))
[INFO] Player 1 playing card STRIKE_NECROBINDER (targeting Slime (Nhỏ) (index 5))
[INFO] Monster TWIG_SLIME_M performing move STICKY_SHOT_MOVE
[INFO] Monster LEAF_SLIME_M performing move STICKY_SHOT
[INFO] Monster LEAF_SLIME_S performing move BUTT_MOVE
[INFO] Player 1 playing card SOW (no target)
[INFO] Player 1 playing card GRAVE_WARDEN (no target)
[INFO] Player 1 playing card DEFEND_NECROBINDER (no target)
[INFO] Monster TWIG_SLIME_M performing move CLUMP_SHOT_MOVE
[INFO] Monster LEAF_SLIME_M performing move CLUMP_SHOT
[INFO] Monster LEAF_SLIME_S performing move GOOP_MOVE
[INFO] Player 1 playing card SOUL (no target)
[INFO] Player 1 playing card STRIKE_NECROBINDER (targeting Slime Thảo Mộc (Nhỏ) (index 4))
[INFO] Player 1 playing card DEBILITATE (targeting Slime (Vừa) (index 2))
[INFO] Player 1 playing card BODYGUARD (no target)
[INFO] Monster TWIG_SLIME_M performing move STICKY_SHOT_MOVE
[INFO] Monster LEAF_SLIME_M performing move STICKY_SHOT
[INFO] Player 1 playing card UNLEASH (targeting Slime (Vừa) (index 2))
[INFO] Player 1 playing card SOUL (no target)
[INFO] Player 1 playing card REAVE (targeting Slime Thảo Mộc (Vừa) (index 2))
[INFO] Player 1 playing card DEFEND_NECROBINDER (no target)
[INFO] Monster LEAF_SLIME_M performing move CLUMP_SHOT
[INFO] Player 1 playing card UNLEASH (targeting Slime Thảo Mộc (Vừa) (index 2))
[INFO] Player 1 playing card HIGH_FIVE (no target)
[INFO] Wrote 65497 bytes to path=user://steam/76561199150770555/profile1\saves\current_run.save save_dir=user://steam/76561199150770555
[INFO] Wrote 65497 bytes to profile1/saves/current_run.save in steam remote store
[INFO] CHARACTER.NECROBINDER fought ENCOUNTER.SLIMES_NORMAL for the first time and WON >:)
[INFO] CHARACTER.NECROBINDER has killed a MONSTER.TWIG_SLIME_M. That's 2 kills
[INFO] CHARACTER.NECROBINDER fought MONSTER.LEAF_SLIME_M for the first time and WON >:(
[INFO] CHARACTER.NECROBINDER fought MONSTER.LEAF_SLIME_S for the first time and WON >:(
[INFO] CHARACTER.NECROBINDER fought MONSTER.TWIG_SLIME_S for the first time and WON >:(
[INFO] Wrote 47872 bytes to path=user://steam/76561199150770555/profile1\saves\progress.save save_dir=user://steam/76561199150770555
[INFO] Wrote 47872 bytes to profile1/saves/progress.save in steam remote store
[INFO] Card rarity: Rolled 0.99845606, need < 0.089999996 for rare (offset = 0.059999995)
[INFO] Card rarity: Rolled 0.2882732, need < 0.099999994 for rare (offset = 0.06999999)
[INFO] Card rarity: Rolled 0.76005405, need < 0.10999999 for rare (offset = 0.07999999)
[INFO] Obtained 16 gold from reward
[INFO] Obtained POTION.DUPLICATOR from potion reward
[INFO] Card reward selected
[INFO] Obtained CARD.DEATH_MARCH from card reward
[INFO] Player vote changed for 1: ->MapVote (gen: 1 coord: (2, 15))
[INFO] Wrote 47897 bytes to path=user://steam/76561199150770555/profile1\saves\progress.save save_dir=user://steam/76561199150770555
[INFO] Wrote 47897 bytes to profile1/saves/progress.save in steam remote store
[INFO] Wrote 66418 bytes to path=user://steam/76561199150770555/profile1\saves\current_run.save save_dir=user://steam/76561199150770555
[INFO] Wrote 66418 bytes to profile1/saves/current_run.save in steam remote store
[INFO] Set enabled
[INFO] Preloading 'RestSite Room' assets... count=3 vfx=2
[INFO] Preloading 'RestSite Room' Complete: assets=5 time_elapsed=98ms
[INFO] Player vote changed for 1: ->MapVote (gen: 1 coord: (3, 16))
[INFO] Wrote 47897 bytes to path=user://steam/76561199150770555/profile1\saves\progress.save save_dir=user://steam/76561199150770555
[INFO] Wrote 47897 bytes to profile1/saves/progress.save in steam remote store
[INFO] Wrote 67158 bytes to path=user://steam/76561199150770555/profile1\saves\current_run.save save_dir=user://steam/76561199150770555
[INFO] Wrote 67158 bytes to profile1/saves/current_run.save in steam remote store
[INFO] Preloading 'Combat Room' assets... count=13 vfx=1
[INFO] Preloading 'Combat Room' Complete: assets=14 time_elapsed=70ms
[INFO] Creating NCombatRoom with mode=ActiveCombat encounter=THE_KIN_BOSS.
[WARN] Asset not cached: res://images/powers/minion_power.png
[INFO] Player 1 playing card DEFEND_NECROBINDER (no target)
[INFO] Player 1 playing card SPUR (no target)
[INFO] Player 1 playing card BODYGUARD (no target)
[INFO] Monster KIN_FOLLOWER performing move POWER_DANCE_MOVE
[INFO] Monster KIN_FOLLOWER performing move QUICK_SLASH_MOVE
[INFO] Monster KIN_PRIEST performing move ORB_OF_FRAILTY_MOVE
[WARN] Asset not cached: res://scenes/vfx/monsters/kin_priest_grenade_vfx.tscn
[INFO] Player 1 playing card DEBILITATE (targeting Tộc Kin Theo Giáo (index 2))
[INFO] Player 1 playing card DEATH_MARCH (targeting Tộc Kin Theo Giáo (index 2))
[INFO] Player 1 playing card REAVE (targeting Tộc Kin Theo Giáo (index 2))
[INFO] Monster KIN_FOLLOWER performing move QUICK_SLASH_MOVE
[INFO] Monster KIN_FOLLOWER performing move BOOMERANG_MOVE
cannot find sfx path: event:/sfx/enemy/enemy_attacks/the_kin_minion/the_kin_minion_boomerang_slashh
[INFO] Monster KIN_PRIEST performing move ORB_OF_WEAKNESS_MOVE
[INFO] Player 1 playing card GRAVE_WARDEN (no target)
[INFO] Player 1 playing card DEFEND_NECROBINDER (no target)
[INFO] Player 1 playing card NEOWS_FURY (targeting Tộc Kin Theo Giáo (index 2))
[INFO] Monster KIN_FOLLOWER performing move BOOMERANG_MOVE
cannot find sfx path: event:/sfx/enemy/enemy_attacks/the_kin_minion/the_kin_minion_boomerang_slashh
[INFO] Monster KIN_FOLLOWER performing move POWER_DANCE_MOVE
[INFO] Monster KIN_PRIEST performing move BEAM_MOVE
[INFO] Player 1 playing card PULL_AGGRO (no target)
[INFO] Player 1 playing card SOUL (no target)
[INFO] Player 1 playing card SOW (no target)
[INFO] Monster KIN_FOLLOWER performing move POWER_DANCE_MOVE
[INFO] Monster KIN_FOLLOWER performing move QUICK_SLASH_MOVE
[INFO] Monster KIN_PRIEST performing move RITUAL_MOVE
[INFO] Player 1 playing card DEBILITATE (targeting Tộc Kin Theo Giáo (index 2))
[INFO] Player 1 playing card HIGH_FIVE (no target)
[INFO] Monster KIN_FOLLOWER performing move BOOMERANG_MOVE
cannot find sfx path: event:/sfx/enemy/enemy_attacks/the_kin_minion/the_kin_minion_boomerang_slashh
[INFO] Monster KIN_PRIEST performing move ORB_OF_FRAILTY_MOVE
[INFO] Player 1 playing card MELANCHOLY (no target)
[INFO] Player 1 using potion DUPLICATOR (targeting Necrobinder (index 0))
[WARN] Asset not cached: res://images/powers/duplication_power.png
[INFO] Player 1 playing card SOW (no target)
[INFO] Player 1 playing card REAVE (targeting Tộc Kin Theo Giáo (index 2))
[INFO] Player 1 playing card STRIKE_NECROBINDER (targeting Tộc Kin Theo Giáo (index 2))
[INFO] Monster KIN_PRIEST performing move ORB_OF_WEAKNESS_MOVE
[INFO] Player 1 playing card STRIKE_NECROBINDER (targeting Tế Sư Kin (index 2))
[INFO] Player 1 playing card PULL_AGGRO (no target)
[INFO] Monster KIN_PRIEST performing move BEAM_MOVE
[INFO] Player 1 playing card DEATH_MARCH (targeting Tế Sư Kin (index 2))
[INFO] Player 1 playing card SPUR (no target)
[INFO] Player 1 playing card BODYGUARD (no target)
[INFO] Monster KIN_PRIEST performing move RITUAL_MOVE
[INFO] Player 1 playing card DEBILITATE (targeting Tế Sư Kin (index 2))
[INFO] Player 1 playing card REAVE (targeting Tế Sư Kin (index 2))
[INFO] Player 1 playing card SOUL (no target)
[INFO] Player 1 playing card UNLEASH (targeting Tế Sư Kin (index 2))
[INFO] Monster KIN_PRIEST performing move ORB_OF_FRAILTY_MOVE
[INFO] Player 1 playing card MELANCHOLY (no target)
[INFO] Player 1 playing card GRAVE_WARDEN (no target)
[INFO] Player 1 playing card HIGH_FIVE (no target)
[INFO] Monster KIN_PRIEST performing move ORB_OF_WEAKNESS_MOVE
[INFO] Player 1 playing card SOUL (no target)
[INFO] Player 1 playing card DEATH_MARCH (targeting Tế Sư Kin (index 2))
[INFO] Player 1 playing card STRIKE_NECROBINDER (targeting Tế Sư Kin (index 2))
[INFO] Player 1 playing card SOW (no target)
[INFO] Monster KIN_PRIEST performing move BEAM_MOVE
[INFO] CHARACTER.NECROBINDER fought ENCOUNTER.THE_KIN_BOSS for the first time and LOST :(
[INFO] CHARACTER.NECROBINDER fought MONSTER.KIN_FOLLOWER for the first time and LOST >:(
[INFO] CHARACTER.NECROBINDER has died to a MONSTER.KIN_FOLLOWER. That's 2 losses
[INFO] CHARACTER.NECROBINDER fought MONSTER.KIN_PRIEST for the first time and LOST >:(
[INFO] Player already has Epoch: NEOW_EPOCH
[INFO] Epoch obtained for playing a run as CHARACTER.NECROBINDER
[INFO] Wrote 52743 bytes to path=user://steam/76561199150770555/profile1\saves\progress.save save_dir=user://steam/76561199150770555
[INFO] Wrote 52743 bytes to profile1/saves/progress.save in steam remote store
[INFO] Wrote 27362 bytes to path=user://steam/76561199150770555/profile1\saves\history\1779146184.run save_dir=user://steam/76561199150770555
[INFO] Wrote 27362 bytes to profile1/saves/history/1779146184.run in steam remote store
[INFO] Saved run history: 1779146184.run
[INFO] Created Run History entry!
[INFO] Skipping metrics upload, user has upload data unset in settings
[WARN] Asset not cached: res://images/ui/game_over_screen/score_floor.png
[WARN] Asset not cached: res://scenes/screens/game_over_screen/score_line.tscn
[WARN] Asset not cached: res://images/ui/game_over_screen/score_gold.png
[INFO] Not enough score to level up
[INFO] Wrote 52743 bytes to path=user://steam/76561199150770555/profile1\saves\progress.save save_dir=user://steam/76561199150770555
[INFO] Wrote 52743 bytes to profile1/saves/progress.save in steam remote store
[INFO] Unloading 27 missed cache assets
[INFO] Preloading 'Common' assets... count=125 vfx=1
[WARN] Asset not cached: res://scenes/screens/main_menu.tscn
[INFO] [Startup] Time to main menu (Godot ticks): 1439604ms
[INFO] Preloading 'Common' Complete: assets=125 time_elapsed=563ms
[INFO] Cleaning up Timeline screen...
[INFO] Initializing Timeline:
[INFO]  Created 37 Epoch slots
[INFO]  Created 20 Era columns
[INFO] 9 Epochs are complete
ERROR: Tween (bound to /root/Game/RootSceneContainer/MainMenu/Submenus/TimelineScreen/ReminderVfxHolder/EpochOffscreenVfx): started with no Tweeners.
   at: step (scene/animation/tween.cpp:346)
[INFO] Skipping metrics upload, user has upload data unset in settings
[INFO] Queueing a Timeline expansion...
[INFO] Wrote 53356 bytes to path=user://steam/76561199150770555/profile1\saves\progress.save save_dir=user://steam/76561199150770555
[INFO] Wrote 53356 bytes to profile1/saves/progress.save in steam remote store
[WARN] Asset not cached: res://scenes/creature_visuals/defect.tscn
[INFO] Closing: UnlockCharacterScreen
[INFO]  Created 6 Epoch slots
[INFO]  Created 0 Era columns
[INFO] Closing: UnlockTimelineScreen
[INFO] Cleaning up Timeline screen...
[INFO] Cleaning up Timeline screen...
[INFO] Initializing Timeline:
[INFO]  Created 43 Epoch slots
[INFO]  Created 20 Era columns
[INFO] 9 Epochs are complete
[INFO] Cleaning up Timeline screen...
[INFO] Quit button pressed
[INFO] Quit confirmed
[INFO] NGame.Quit called
[INFO] Wrote 2403 bytes to path=user://steam/76561199150770555/settings.save save_dir=user://steam/76561199150770555
[INFO] Wrote 2403 bytes to settings.save in steam remote store
[INFO] Wrote 300 bytes to path=user://steam/76561199150770555/profile1\saves\prefs.save save_dir=user://steam/76561199150770555
[INFO] Wrote 300 bytes to profile1/saves/prefs.save in steam remote store
[INFO] Wrote 53356 bytes to path=user://steam/76561199150770555/profile1\saves\progress.save save_dir=user://steam/76561199150770555
[INFO] Wrote 53356 bytes to profile1/saves/progress.save in steam remote store
[INFO] Wrote 52 bytes to path=user://steam/76561199150770555/profile.save save_dir=user://steam/76561199150770555
[INFO] Wrote 52 bytes to profile.save in steam remote store
[INFO] Steamworks: shutting down...
[INFO] Steamworks shutdown succeeded!
FMOD Sound System: System released
WARNING: 324 RIDs of type "CanvasItem" were leaked.
   at: _free_rids (servers/rendering/renderer_canvas_cull.cpp:2678)
ERROR: 1 RID allocations of type 'N26RendererEnvironmentStorage11EnvironmentE' were leaked at exit.
ERROR: 5 shaders of type CanvasShaderRD were never freed
   at: ~ShaderRD (servers/rendering/renderer_rd/shader_rd.cpp:1044)
ERROR: 8 RID allocations of type 'N10RendererRD16ParticlesStorage9ParticlesE' were leaked at exit.
ERROR: 1 shaders of type ParticlesShaderRD were never freed
   at: ~ShaderRD (servers/rendering/renderer_rd/shader_rd.cpp:1044)
ERROR: 8 RID allocations of type 'N10RendererRD11MeshStorage4MeshE' were leaked at exit.
ERROR: 25 RID allocations of type 'N10RendererRD15MaterialStorage8MaterialE' were leaked at exit.
ERROR: 6 RID allocations of type 'N10RendererRD15MaterialStorage6ShaderE' were leaked at exit.
ERROR: 26 RID allocations of type 'N10RendererRD14TextureStorage7TextureE' were leaked at exit.
WARNING: 5 RIDs of type "StorageBuffer" were leaked.
   at: _free_rids (servers/rendering/rendering_device.cpp:6981)
WARNING: 45 RIDs of type "UniformBuffer" were leaked.
   at: _free_rids (servers/rendering/rendering_device.cpp:6981)
WARNING: 1 RID of type "IndexArray" was leaked.
   at: _free_rids (servers/rendering/rendering_device.cpp:6979)
WARNING: 1 RID of type "IndexBuffer" was leaked.
   at: _free_rids (servers/rendering/rendering_device.cpp:6979)
WARNING: 2 RIDs of type "VertexBuffer" were leaked.
   at: _free_rids (servers/rendering/rendering_device.cpp:6981)
WARNING: 48 RIDs of type "Texture" were leaked.
   at: finalize (servers/rendering/rendering_device.cpp:7191)
ERROR: 116 RID allocations of type 'PN18TextServerAdvanced22ShapedTextDataAdvancedE' were leaked at exit.
ERROR: 4 RID allocations of type 'PN18TextServerAdvanced12FontAdvancedE' were leaked at exit.
ERROR: 5 RID allocations of type 'PN18TextServerAdvanced27FontAdvancedLinkedVariationE' were leaked at exit.
WARNING: ObjectDB instances leaked at exit (run with --verbose for details).
   at: cleanup (core/object/object.cpp:2514)
ERROR: 63 resources still in use at exit (run with --verbose for details).
   at: clear (core/io/resource.cpp:795)
